<html>
<head>
<title>TestNG:  Test</title>
<link href="../testng.css" rel="stylesheet" type="text/css" />
<link href="../my-testng.css" rel="stylesheet" type="text/css" />

<style type="text/css">
.log { display: none;} 
.stack-trace { display: none;} 
</style>
<script type="text/javascript">
<!--
function flip(e) {
  current = e.style.display;
  if (current == 'block') {
    e.style.display = 'none';
    return 0;
  }
  else {
    e.style.display = 'block';
    return 1;
  }
}

function toggleBox(szDivId, elem, msg1, msg2)
{
  var res = -1;  if (document.getElementById) {
    res = flip(document.getElementById(szDivId));
  }
  else if (document.all) {
    // this is the way old msie versions work
    res = flip(document.all[szDivId]);
  }
  if(elem) {
    if(res == 0) elem.innerHTML = msg1; else elem.innerHTML = msg2;
  }

}

function toggleAllBoxes() {
  if (document.getElementsByTagName) {
    d = document.getElementsByTagName('div');
    for (i = 0; i < d.length; i++) {
      if (d[i].className == 'log') {
        flip(d[i]);
      }
    }
  }
}

// -->
</script>

</head>
<body>
<h2 align='center'>Test</h2><table border='1' align="center">
<tr>
<td>Tests passed/Failed/Skipped:</td><td>26/1/0</td>
</tr><tr>
<td>Started on:</td><td>Thu Mar 16 17:21:53 GST 2023</td>
</tr>
<tr><td>Total time:</td><td>504 seconds (504684 ms)</td>
</tr><tr>
<td>Included groups:</td><td></td>
</tr><tr>
<td>Excluded groups:</td><td></td>
</tr>
</table><p/>
<small><i>(Hover the method name to see the test class name)</i></small><p/>
<table width='100%' border='1' class='invocation-failed'>
<tr><td colspan='4' align='center'><b>FAILED TESTS</b></td></tr>
<tr><td><b>Test method</b></td>
<td width="30%"><b>Exception</b></td>
<td width="10%"><b>Time (seconds)</b></td>
<td><b>Instance</b></td>
</tr>
<tr>
<td title='com.POS.Testcases.VerifyStoreManageTest.validateDeleteStore()'><b>validateDeleteStore</b><br>Test class: com.POS.Testcases.VerifyStoreManageTest</td>
<td><div><pre>org.openqa.selenium.NoSuchElementException: no such element: Unable to locate element: {&quot;method&quot;:&quot;xpath&quot;,&quot;selector&quot;:&quot;//td[@class=&apos;dataTables_empty&apos;]&quot;}
  (Session info: MicrosoftEdge=111.0.1661.43)
For documentation on this error, please visit: https://selenium.dev/exceptions/#no_such_element
Build info: version: &apos;4.7.2&apos;, revision: &apos;4d4020c3b7&apos;
System info: os.name: &apos;Windows 10&apos;, os.arch: &apos;amd64&apos;, os.version: &apos;10.0&apos;, java.version: &apos;17.0.6&apos;
Driver info: org.openqa.selenium.edge.EdgeDriver
Command: [34c4ce93412cb252c5f1f1d893edeba2, findElement {using=xpath, value=//td[@class=&apos;dataTables_empty&apos;]}]
Capabilities {acceptInsecureCerts: false, browserName: msedge, browserVersion: 111.0.1661.43, ms:edgeOptions: {debuggerAddress: localhost:51189}, msedge: {msedgedriverVersion: 111.0.1661.41 (57be51b50d1b..., userDataDir: C:\Users\Thomas\AppData\Loc...}, networkConnectionEnabled: false, pageLoadStrategy: normal, platformName: WINDOWS, proxy: Proxy(), se:cdp: ws://localhost:51189/devtoo..., se:cdpVersion: 111.0.1661.43, setWindowRect: true, strictFileInteractability: false, timeouts: {implicit: 0, pageLoad: 300000, script: 30000}, unhandledPromptBehavior: dismiss and notify, webauthn:extension:credBlob: true, webauthn:extension:largeBlob: true, webauthn:extension:minPinLength: true, webauthn:extension:prf: true, webauthn:virtualAuthenticators: true}
Session ID: 34c4ce93412cb252c5f1f1d893edeba2
	at org.openqa.selenium.remote.codec.w3c.W3CHttpResponseCodec.createException(W3CHttpResponseCodec.java:200)
	at org.openqa.selenium.remote.codec.w3c.W3CHttpResponseCodec.decode(W3CHttpResponseCodec.java:133)
	at org.openqa.selenium.remote.codec.w3c.W3CHttpResponseCodec.decode(W3CHttpResponseCodec.java:53)
	at org.openqa.selenium.remote.HttpCommandExecutor.execute(HttpCommandExecutor.java:184)
	at org.openqa.selenium.remote.service.DriverCommandExecutor.invokeExecute(DriverCommandExecutor.java:167)
	at org.openqa.selenium.remote.service.DriverCommandExecutor.execute(DriverCommandExecutor.java:142)
	at org.openqa.selenium.remote.RemoteWebDriver.execute(RemoteWebDriver.java:535)
	at org.openqa.selenium.remote.ElementLocation$ElementFinder$2.findElement(ElementLocation.java:162)
	at org.openqa.selenium.remote.ElementLocation.findElement(ElementLocation.java:60)
	at org.openqa.selenium.remote.RemoteWebDriver.findElement(RemoteWebDriver.java:351)
	at org.openqa.selenium.remote.RemoteWebDriver.findElement(RemoteWebDriver.java:343)
	at org.openqa.selenium.support.pagefactory.DefaultElementLocator.findElement(DefaultElementLocator.java:70)
	at org.openqa.selenium.support.pagefactory.internal.LocatingElementHandler.invoke(LocatingElementHandler.java:39)
	at jdk.proxy2/jdk.proxy2.$Proxy19.getText(Unknown Source)
	at com.POS.Testcases.VerifyStoreManageTest.validateDeleteStore(VerifyStoreManageTest.java:109)
	at java.base/java.util.ArrayList.forEach(ArrayList.java:1511)
... Removed 36 stack frames</pre></div><a href='#' onClick='toggleBox("stack-trace209366140", this, "Click to show all stack frames", "Click to hide stack frames")'>Click to show all stack frames</a>
<div class='stack-trace' id='stack-trace209366140'><pre>org.openqa.selenium.NoSuchElementException: no such element: Unable to locate element: {&quot;method&quot;:&quot;xpath&quot;,&quot;selector&quot;:&quot;//td[@class=&apos;dataTables_empty&apos;]&quot;}
  (Session info: MicrosoftEdge=111.0.1661.43)
For documentation on this error, please visit: https://selenium.dev/exceptions/#no_such_element
Build info: version: &apos;4.7.2&apos;, revision: &apos;4d4020c3b7&apos;
System info: os.name: &apos;Windows 10&apos;, os.arch: &apos;amd64&apos;, os.version: &apos;10.0&apos;, java.version: &apos;17.0.6&apos;
Driver info: org.openqa.selenium.edge.EdgeDriver
Command: [34c4ce93412cb252c5f1f1d893edeba2, findElement {using=xpath, value=//td[@class=&apos;dataTables_empty&apos;]}]
Capabilities {acceptInsecureCerts: false, browserName: msedge, browserVersion: 111.0.1661.43, ms:edgeOptions: {debuggerAddress: localhost:51189}, msedge: {msedgedriverVersion: 111.0.1661.41 (57be51b50d1b..., userDataDir: C:\Users\Thomas\AppData\Loc...}, networkConnectionEnabled: false, pageLoadStrategy: normal, platformName: WINDOWS, proxy: Proxy(), se:cdp: ws://localhost:51189/devtoo..., se:cdpVersion: 111.0.1661.43, setWindowRect: true, strictFileInteractability: false, timeouts: {implicit: 0, pageLoad: 300000, script: 30000}, unhandledPromptBehavior: dismiss and notify, webauthn:extension:credBlob: true, webauthn:extension:largeBlob: true, webauthn:extension:minPinLength: true, webauthn:extension:prf: true, webauthn:virtualAuthenticators: true}
Session ID: 34c4ce93412cb252c5f1f1d893edeba2
	at java.base/jdk.internal.reflect.NativeConstructorAccessorImpl.newInstance0(Native Method)
	at java.base/jdk.internal.reflect.NativeConstructorAccessorImpl.newInstance(NativeConstructorAccessorImpl.java:77)
	at java.base/jdk.internal.reflect.DelegatingConstructorAccessorImpl.newInstance(DelegatingConstructorAccessorImpl.java:45)
	at java.base/java.lang.reflect.Constructor.newInstanceWithCaller(Constructor.java:499)
	at java.base/java.lang.reflect.Constructor.newInstance(Constructor.java:480)
	at org.openqa.selenium.remote.codec.w3c.W3CHttpResponseCodec.createException(W3CHttpResponseCodec.java:200)
	at org.openqa.selenium.remote.codec.w3c.W3CHttpResponseCodec.decode(W3CHttpResponseCodec.java:133)
	at org.openqa.selenium.remote.codec.w3c.W3CHttpResponseCodec.decode(W3CHttpResponseCodec.java:53)
	at org.openqa.selenium.remote.HttpCommandExecutor.execute(HttpCommandExecutor.java:184)
	at org.openqa.selenium.remote.service.DriverCommandExecutor.invokeExecute(DriverCommandExecutor.java:167)
	at org.openqa.selenium.remote.service.DriverCommandExecutor.execute(DriverCommandExecutor.java:142)
	at org.openqa.selenium.remote.RemoteWebDriver.execute(RemoteWebDriver.java:535)
	at org.openqa.selenium.remote.ElementLocation$ElementFinder$2.findElement(ElementLocation.java:162)
	at org.openqa.selenium.remote.ElementLocation.findElement(ElementLocation.java:60)
	at org.openqa.selenium.remote.RemoteWebDriver.findElement(RemoteWebDriver.java:351)
	at org.openqa.selenium.remote.RemoteWebDriver.findElement(RemoteWebDriver.java:343)
	at org.openqa.selenium.support.pagefactory.DefaultElementLocator.findElement(DefaultElementLocator.java:70)
	at org.openqa.selenium.support.pagefactory.internal.LocatingElementHandler.invoke(LocatingElementHandler.java:39)
	at jdk.proxy2/jdk.proxy2.$Proxy19.getText(Unknown Source)
	at com.POS.Testcases.VerifyStoreManageTest.validateDeleteStore(VerifyStoreManageTest.java:109)
	at java.base/jdk.internal.reflect.NativeMethodAccessorImpl.invoke0(Native Method)
	at java.base/jdk.internal.reflect.NativeMethodAccessorImpl.invoke(NativeMethodAccessorImpl.java:77)
	at java.base/jdk.internal.reflect.DelegatingMethodAccessorImpl.invoke(DelegatingMethodAccessorImpl.java:43)
	at java.base/java.lang.reflect.Method.invoke(Method.java:568)
	at org.testng.internal.invokers.MethodInvocationHelper.invokeMethod(MethodInvocationHelper.java:135)
	at org.testng.internal.invokers.TestInvoker.invokeMethod(TestInvoker.java:673)
	at org.testng.internal.invokers.TestInvoker.invokeTestMethod(TestInvoker.java:220)
	at org.testng.internal.invokers.MethodRunner.runInSequence(MethodRunner.java:50)
	at org.testng.internal.invokers.TestInvoker$MethodInvocationAgent.invoke(TestInvoker.java:945)
	at org.testng.internal.invokers.TestInvoker.invokeTestMethods(TestInvoker.java:193)
	at org.testng.internal.invokers.TestMethodWorker.invokeTestMethods(TestMethodWorker.java:146)
	at org.testng.internal.invokers.TestMethodWorker.run(TestMethodWorker.java:128)
	at java.base/java.util.ArrayList.forEach(ArrayList.java:1511)
	at org.testng.TestRunner.privateRun(TestRunner.java:808)
	at org.testng.TestRunner.run(TestRunner.java:603)
	at org.testng.SuiteRunner.runTest(SuiteRunner.java:429)
	at org.testng.SuiteRunner.runSequentially(SuiteRunner.java:423)
	at org.testng.SuiteRunner.privateRun(SuiteRunner.java:383)
	at org.testng.SuiteRunner.run(SuiteRunner.java:326)
	at org.testng.SuiteRunnerWorker.runSuite(SuiteRunnerWorker.java:52)
	at org.testng.SuiteRunnerWorker.run(SuiteRunnerWorker.java:95)
	at org.testng.TestNG.runSuitesSequentially(TestNG.java:1249)
	at org.testng.TestNG.runSuitesLocally(TestNG.java:1169)
	at org.testng.TestNG.runSuites(TestNG.java:1092)
	at org.testng.TestNG.run(TestNG.java:1060)
	at org.apache.maven.surefire.testng.TestNGExecutor.run(TestNGExecutor.java:324)
	at org.apache.maven.surefire.testng.TestNGXmlTestSuite.execute(TestNGXmlTestSuite.java:74)
	at org.apache.maven.surefire.testng.TestNGProvider.invoke(TestNGProvider.java:123)
	at org.apache.maven.surefire.booter.ForkedBooter.runSuitesInProcess(ForkedBooter.java:456)
	at org.apache.maven.surefire.booter.ForkedBooter.execute(ForkedBooter.java:169)
	at org.apache.maven.surefire.booter.ForkedBooter.run(ForkedBooter.java:595)
	at org.apache.maven.surefire.booter.ForkedBooter.main(ForkedBooter.java:581)
</pre></div></td>
<td>18</td>
<td>com.POS.Testcases.VerifyStoreManageTest@1ed4ae0f</td></tr>
</table><p>
<table width='100%' border='1' class='invocation-passed'>
<tr><td colspan='4' align='center'><b>PASSED TESTS</b></td></tr>
<tr><td><b>Test method</b></td>
<td width="30%"><b>Exception</b></td>
<td width="10%"><b>Time (seconds)</b></td>
<td><b>Instance</b></td>
</tr>
<tr>
<td title='com.POS.Testcases.VerifyStoreManageTest.validateAddZone()'><b>validateAddZone</b><br>Test class: com.POS.Testcases.VerifyStoreManageTest<br>Parameters: Test OBS Zone</td>
<td></td>
<td>13</td>
<td>com.POS.Testcases.VerifyStoreManageTest@1ed4ae0f</td></tr>
<tr>
<td title='com.POS.Testcases.VerifyStoreTest.validateSearchStore()'><b>validateSearchStore</b><br>Test class: com.POS.Testcases.VerifyStoreTest</td>
<td></td>
<td>6</td>
<td>com.POS.Testcases.VerifyStoreTest@7526515b</td></tr>
<tr>
<td title='com.POS.Testcases.VerifyWaiterTest.validateShowCount()'><b>validateShowCount</b><br>Test class: com.POS.Testcases.VerifyWaiterTest</td>
<td></td>
<td>5</td>
<td>com.POS.Testcases.VerifyWaiterTest@54c5a2ff</td></tr>
<tr>
<td title='com.POS.Testcases.VerifyHomePageTest.validateElementsDisplay()'><b>validateElementsDisplay</b><br>Test class: com.POS.Testcases.VerifyHomePageTest</td>
<td></td>
<td>4</td>
<td>com.POS.Testcases.VerifyHomePageTest@f78a47e</td></tr>
<tr>
<td title='com.POS.Testcases.VerifyProductPageTest.validateUploadCSV()'><b>validateUploadCSV</b><br>Test class: com.POS.Testcases.VerifyProductPageTest</td>
<td></td>
<td>13</td>
<td>com.POS.Testcases.VerifyProductPageTest@644baf4a</td></tr>
<tr>
<td title='com.POS.Testcases.VerifyWaiterTest.validateEditWaiter()'><b>validateEditWaiter</b><br>Test class: com.POS.Testcases.VerifyWaiterTest</td>
<td></td>
<td>10</td>
<td>com.POS.Testcases.VerifyWaiterTest@54c5a2ff</td></tr>
<tr>
<td title='com.POS.Testcases.VerifyHomePageTest.validateMenuDisplay()'><b>validateMenuDisplay</b><br>Test class: com.POS.Testcases.VerifyHomePageTest</td>
<td></td>
<td>4</td>
<td>com.POS.Testcases.VerifyHomePageTest@f78a47e</td></tr>
<tr>
<td title='com.POS.Testcases.VerifyStoreManageTest.validateDeleteZone()'><b>validateDeleteZone</b><br>Test class: com.POS.Testcases.VerifyStoreManageTest</td>
<td></td>
<td>8</td>
<td>com.POS.Testcases.VerifyStoreManageTest@1ed4ae0f</td></tr>
<tr>
<td title='com.POS.Testcases.VerifyStoreManageTest.validateAddStoreTable()'><b>validateAddStoreTable</b><br>Test class: com.POS.Testcases.VerifyStoreManageTest<br>Parameters: Test OBS Store Table</td>
<td></td>
<td>9</td>
<td>com.POS.Testcases.VerifyStoreManageTest@1ed4ae0f</td></tr>
<tr>
<td title='com.POS.Testcases.VerifyUserLoginTest.validateAllLogin()'><b>validateAllLogin</b><br>Test class: com.POS.Testcases.VerifyUserLoginTest<br>Parameters: InvalidUn, password</td>
<td></td>
<td>1</td>
<td>com.POS.Testcases.VerifyUserLoginTest@26d9b808</td></tr>
<tr>
<td title='com.POS.Testcases.VerifyHomePageTest.validateMenuClick()'><b>validateMenuClick</b><br>Test class: com.POS.Testcases.VerifyHomePageTest</td>
<td></td>
<td>18</td>
<td>com.POS.Testcases.VerifyHomePageTest@f78a47e</td></tr>
<tr>
<td title='com.POS.Testcases.VerifyHomePageTest.validateLanguageSelection()'><b>validateLanguageSelection</b><br>Test class: com.POS.Testcases.VerifyHomePageTest</td>
<td></td>
<td>9</td>
<td>com.POS.Testcases.VerifyHomePageTest@f78a47e</td></tr>
<tr>
<td title='com.POS.Testcases.VerifyUserLoginTest.validateAllLogin()'><b>validateAllLogin</b><br>Test class: com.POS.Testcases.VerifyUserLoginTest<br>Parameters: Admin, InvalidPw</td>
<td></td>
<td>1</td>
<td>com.POS.Testcases.VerifyUserLoginTest@26d9b808</td></tr>
<tr>
<td title='com.POS.Testcases.VerifyUserLoginTest.validateAllLogin()'><b>validateAllLogin</b><br>Test class: com.POS.Testcases.VerifyUserLoginTest<br>Parameters: InvalidUn, InvalidPw</td>
<td></td>
<td>1</td>
<td>com.POS.Testcases.VerifyUserLoginTest@26d9b808</td></tr>
<tr>
<td title='com.POS.Testcases.VerifyStoreManageTest.validateEditStoreTable()'><b>validateEditStoreTable</b><br>Test class: com.POS.Testcases.VerifyStoreManageTest</td>
<td></td>
<td>9</td>
<td>com.POS.Testcases.VerifyStoreManageTest@1ed4ae0f</td></tr>
<tr>
<td title='com.POS.Testcases.VerifyWaiterTest.validateSearchWaiter()'><b>validateSearchWaiter</b><br>Test class: com.POS.Testcases.VerifyWaiterTest</td>
<td></td>
<td>6</td>
<td>com.POS.Testcases.VerifyWaiterTest@54c5a2ff</td></tr>
<tr>
<td title='com.POS.Testcases.VerifyUserLoginTest.validateLogin()'><b>validateLogin</b><br>Test class: com.POS.Testcases.VerifyUserLoginTest</td>
<td></td>
<td>6</td>
<td>com.POS.Testcases.VerifyUserLoginTest@26d9b808</td></tr>
<tr>
<td title='com.POS.Testcases.VerifyStoreManageTest.validateEditZone()'><b>validateEditZone</b><br>Test class: com.POS.Testcases.VerifyStoreManageTest</td>
<td></td>
<td>9</td>
<td>com.POS.Testcases.VerifyStoreManageTest@1ed4ae0f</td></tr>
<tr>
<td title='com.POS.Testcases.VerifyStoreTest.validateAddStore()'><b>validateAddStore</b><br>Test class: com.POS.Testcases.VerifyStoreTest</td>
<td></td>
<td>12</td>
<td>com.POS.Testcases.VerifyStoreTest@7526515b</td></tr>
<tr>
<td title='com.POS.Testcases.VerifyCategoryTest.validateAddCategory()'><b>validateAddCategory</b><br>Test class: com.POS.Testcases.VerifyCategoryTest</td>
<td></td>
<td>8</td>
<td>com.POS.Testcases.VerifyCategoryTest@6d4d66d2</td></tr>
<tr>
<td title='com.POS.Testcases.VerifyStoreTest.validateTableHeaders()'><b>validateTableHeaders</b><br>Test class: com.POS.Testcases.VerifyStoreTest</td>
<td></td>
<td>7</td>
<td>com.POS.Testcases.VerifyStoreTest@7526515b</td></tr>
<tr>
<td title='com.POS.Testcases.VerifyStoreTest.validateEditStore()'><b>validateEditStore</b><br>Test class: com.POS.Testcases.VerifyStoreTest</td>
<td></td>
<td>10</td>
<td>com.POS.Testcases.VerifyStoreTest@7526515b</td></tr>
<tr>
<td title='com.POS.Testcases.VerifyWaiterTest.validateAddWaiter()'><b>validateAddWaiter</b><br>Test class: com.POS.Testcases.VerifyWaiterTest</td>
<td></td>
<td>8</td>
<td>com.POS.Testcases.VerifyWaiterTest@54c5a2ff</td></tr>
<tr>
<td title='com.POS.Testcases.VerifyCategoryTest.validateCatTblHeaders()'><b>validateCatTblHeaders</b><br>Test class: com.POS.Testcases.VerifyCategoryTest</td>
<td></td>
<td>5</td>
<td>com.POS.Testcases.VerifyCategoryTest@6d4d66d2</td></tr>
<tr>
<td title='com.POS.Testcases.VerifyStoreTest.validateShowCount()'><b>validateShowCount</b><br>Test class: com.POS.Testcases.VerifyStoreTest</td>
<td></td>
<td>6</td>
<td>com.POS.Testcases.VerifyStoreTest@7526515b</td></tr>
<tr>
<td title='com.POS.Testcases.VerifyStoreManageTest.validateDeleteStoreTbl()'><b>validateDeleteStoreTbl</b><br>Test class: com.POS.Testcases.VerifyStoreManageTest</td>
<td></td>
<td>8</td>
<td>com.POS.Testcases.VerifyStoreManageTest@1ed4ae0f</td></tr>
</table><p>
</body>
</html>