<?xml version="1.0" encoding="UTF-8"?>
<testng-results ignored="22" total="58" passed="29" failed="7" skipped="0">
  <reporter-output>
  </reporter-output>
  <suite started-at="2023-03-16T22:02:09 GST" name="RestaurantSuite" finished-at="2023-03-16T22:26:11 GST" duration-ms="1442375">
    <groups>
      <group name="Smoke">
        <method signature="VerifyHomePageTest.validateElementsDisplay()[pri:1, instance:com.POS.Testcases.VerifyHomePageTest@173ed316]" name="validateElementsDisplay" class="com.POS.Testcases.VerifyHomePageTest"/>
        <method signature="VerifyProductPageTest.validateShowPdtTblCount()[pri:1, instance:com.POS.Testcases.VerifyProductPageTest@25ce9dc4]" name="validateShowPdtTblCount" class="com.POS.Testcases.VerifyProductPageTest"/>
        <method signature="VerifyHomePageTest.validateLanguageSelection()[pri:2, instance:com.POS.Testcases.VerifyHomePageTest@173ed316]" name="validateLanguageSelection" class="com.POS.Testcases.VerifyHomePageTest"/>
        <method signature="VerifyHomePageTest.validateMenuDisplay()[pri:3, instance:com.POS.Testcases.VerifyHomePageTest@173ed316]" name="validateMenuDisplay" class="com.POS.Testcases.VerifyHomePageTest"/>
        <method signature="VerifyHomePageTest.validateMenuClick()[pri:4, instance:com.POS.Testcases.VerifyHomePageTest@173ed316]" name="validateMenuClick" class="com.POS.Testcases.VerifyHomePageTest"/>
      </group> <!-- Smoke -->
    </groups>
    <test started-at="2023-03-16T22:02:09 GST" name="Test" finished-at="2023-03-16T22:26:11 GST" duration-ms="1442375">
      <class name="com.POS.Testcases.VerifyWaiterTest">
        <test-method is-config="true" signature="beforeMethods(java.lang.String)[pri:0, instance:com.POS.Testcases.VerifyWaiterTest@76b1e9b8]" started-at="2023-03-16T22:20:58 GST" name="beforeMethods" finished-at="2023-03-16T22:21:12 GST" duration-ms="14347" status="PASS">
          <params>
            <param index="0">
              <value>
                <![CDATA[Edge]]>
              </value>
            </param>
          </params>
          <reporter-output>
          </reporter-output>
        </test-method> <!-- beforeMethods -->
        <test-method signature="validateShowCount()[pri:1, instance:com.POS.Testcases.VerifyWaiterTest@76b1e9b8]" started-at="2023-03-16T22:21:12 GST" name="validateShowCount" finished-at="2023-03-16T22:21:17 GST" duration-ms="5636" status="PASS">
          <reporter-output>
          </reporter-output>
        </test-method> <!-- validateShowCount -->
        <test-method is-config="true" signature="afterMethod()[pri:0, instance:com.POS.Testcases.VerifyWaiterTest@76b1e9b8]" started-at="2023-03-16T22:21:17 GST" name="afterMethod" finished-at="2023-03-16T22:21:19 GST" duration-ms="1223" status="PASS">
          <reporter-output>
          </reporter-output>
        </test-method> <!-- afterMethod -->
        <test-method is-config="true" signature="beforeMethods(java.lang.String)[pri:0, instance:com.POS.Testcases.VerifyWaiterTest@76b1e9b8]" started-at="2023-03-16T22:21:19 GST" name="beforeMethods" finished-at="2023-03-16T22:21:37 GST" duration-ms="18364" status="PASS">
          <params>
            <param index="0">
              <value>
                <![CDATA[Edge]]>
              </value>
            </param>
          </params>
          <reporter-output>
          </reporter-output>
        </test-method> <!-- beforeMethods -->
        <test-method signature="validateAddWaiter()[pri:2, instance:com.POS.Testcases.VerifyWaiterTest@76b1e9b8]" started-at="2023-03-16T22:21:37 GST" name="validateAddWaiter" finished-at="2023-03-16T22:21:48 GST" duration-ms="11327" status="PASS">
          <reporter-output>
          </reporter-output>
        </test-method> <!-- validateAddWaiter -->
        <test-method is-config="true" signature="afterMethod()[pri:0, instance:com.POS.Testcases.VerifyWaiterTest@76b1e9b8]" started-at="2023-03-16T22:21:48 GST" name="afterMethod" finished-at="2023-03-16T22:21:59 GST" duration-ms="10774" status="PASS">
          <reporter-output>
          </reporter-output>
        </test-method> <!-- afterMethod -->
        <test-method is-config="true" signature="beforeMethods(java.lang.String)[pri:0, instance:com.POS.Testcases.VerifyWaiterTest@76b1e9b8]" started-at="2023-03-16T22:21:59 GST" name="beforeMethods" finished-at="2023-03-16T22:22:12 GST" duration-ms="13296" status="PASS">
          <params>
            <param index="0">
              <value>
                <![CDATA[Edge]]>
              </value>
            </param>
          </params>
          <reporter-output>
          </reporter-output>
        </test-method> <!-- beforeMethods -->
        <test-method signature="validateSearchWaiter()[pri:3, instance:com.POS.Testcases.VerifyWaiterTest@76b1e9b8]" started-at="2023-03-16T22:22:12 GST" name="validateSearchWaiter" finished-at="2023-03-16T22:22:20 GST" duration-ms="7709" status="PASS">
          <reporter-output>
          </reporter-output>
        </test-method> <!-- validateSearchWaiter -->
        <test-method is-config="true" signature="afterMethod()[pri:0, instance:com.POS.Testcases.VerifyWaiterTest@76b1e9b8]" started-at="2023-03-16T22:22:20 GST" name="afterMethod" finished-at="2023-03-16T22:22:21 GST" duration-ms="528" status="PASS">
          <reporter-output>
          </reporter-output>
        </test-method> <!-- afterMethod -->
        <test-method is-config="true" signature="beforeMethods(java.lang.String)[pri:0, instance:com.POS.Testcases.VerifyWaiterTest@76b1e9b8]" started-at="2023-03-16T22:22:21 GST" name="beforeMethods" finished-at="2023-03-16T22:22:29 GST" duration-ms="8325" status="PASS">
          <params>
            <param index="0">
              <value>
                <![CDATA[Edge]]>
              </value>
            </param>
          </params>
          <reporter-output>
          </reporter-output>
        </test-method> <!-- beforeMethods -->
        <test-method signature="validateEditWaiter()[pri:4, instance:com.POS.Testcases.VerifyWaiterTest@76b1e9b8]" started-at="2023-03-16T22:22:29 GST" name="validateEditWaiter" finished-at="2023-03-16T22:24:41 GST" duration-ms="131828" status="FAIL">
          <exception class="org.openqa.selenium.NoSuchElementException">
            <message>
              <![CDATA[no such element: Unable to locate element: {"method":"css selector","selector":"table[id='Table']"}
  (Session info: MicrosoftEdge=111.0.1661.43)
For documentation on this error, please visit: https://selenium.dev/exceptions/#no_such_element
Build info: version: '4.7.2', revision: '4d4020c3b7'
System info: os.name: 'Windows 10', os.arch: 'amd64', os.version: '10.0', java.version: '17.0.6'
Driver info: org.openqa.selenium.edge.EdgeDriver
Command: [a00a9339492223a2940ca55e118737bc, findElement {using=css selector, value=table[id='Table']}]
Capabilities {acceptInsecureCerts: false, browserName: msedge, browserVersion: 111.0.1661.43, ms:edgeOptions: {debuggerAddress: localhost:61451}, msedge: {msedgedriverVersion: 111.0.1661.41 (57be51b50d1b..., userDataDir: C:\Users\Thomas\AppData\Loc...}, networkConnectionEnabled: false, pageLoadStrategy: normal, platformName: WINDOWS, proxy: Proxy(), se:cdp: ws://localhost:61451/devtoo..., se:cdpVersion: 111.0.1661.43, setWindowRect: true, strictFileInteractability: false, timeouts: {implicit: 0, pageLoad: 300000, script: 30000}, unhandledPromptBehavior: dismiss and notify, webauthn:extension:credBlob: true, webauthn:extension:largeBlob: true, webauthn:extension:minPinLength: true, webauthn:extension:prf: true, webauthn:virtualAuthenticators: true}
Session ID: a00a9339492223a2940ca55e118737bc]]>
            </message>
            <full-stacktrace>
              <![CDATA[org.openqa.selenium.NoSuchElementException: no such element: Unable to locate element: {"method":"css selector","selector":"table[id='Table']"}
  (Session info: MicrosoftEdge=111.0.1661.43)
For documentation on this error, please visit: https://selenium.dev/exceptions/#no_such_element
Build info: version: '4.7.2', revision: '4d4020c3b7'
System info: os.name: 'Windows 10', os.arch: 'amd64', os.version: '10.0', java.version: '17.0.6'
Driver info: org.openqa.selenium.edge.EdgeDriver
Command: [a00a9339492223a2940ca55e118737bc, findElement {using=css selector, value=table[id='Table']}]
Capabilities {acceptInsecureCerts: false, browserName: msedge, browserVersion: 111.0.1661.43, ms:edgeOptions: {debuggerAddress: localhost:61451}, msedge: {msedgedriverVersion: 111.0.1661.41 (57be51b50d1b..., userDataDir: C:\Users\Thomas\AppData\Loc...}, networkConnectionEnabled: false, pageLoadStrategy: normal, platformName: WINDOWS, proxy: Proxy(), se:cdp: ws://localhost:61451/devtoo..., se:cdpVersion: 111.0.1661.43, setWindowRect: true, strictFileInteractability: false, timeouts: {implicit: 0, pageLoad: 300000, script: 30000}, unhandledPromptBehavior: dismiss and notify, webauthn:extension:credBlob: true, webauthn:extension:largeBlob: true, webauthn:extension:minPinLength: true, webauthn:extension:prf: true, webauthn:virtualAuthenticators: true}
Session ID: a00a9339492223a2940ca55e118737bc
at jdk.internal.reflect.GeneratedConstructorAccessor40.newInstance(Unknown Source)
at java.base/jdk.internal.reflect.DelegatingConstructorAccessorImpl.newInstance(DelegatingConstructorAccessorImpl.java:45)
at java.base/java.lang.reflect.Constructor.newInstanceWithCaller(Constructor.java:499)
at java.base/java.lang.reflect.Constructor.newInstance(Constructor.java:480)
at org.openqa.selenium.remote.codec.w3c.W3CHttpResponseCodec.createException(W3CHttpResponseCodec.java:200)
at org.openqa.selenium.remote.codec.w3c.W3CHttpResponseCodec.decode(W3CHttpResponseCodec.java:133)
at org.openqa.selenium.remote.codec.w3c.W3CHttpResponseCodec.decode(W3CHttpResponseCodec.java:53)
at org.openqa.selenium.remote.HttpCommandExecutor.execute(HttpCommandExecutor.java:184)
at org.openqa.selenium.remote.service.DriverCommandExecutor.invokeExecute(DriverCommandExecutor.java:167)
at org.openqa.selenium.remote.service.DriverCommandExecutor.execute(DriverCommandExecutor.java:142)
at org.openqa.selenium.remote.RemoteWebDriver.execute(RemoteWebDriver.java:535)
at org.openqa.selenium.remote.ElementLocation$ElementFinder$2.findElement(ElementLocation.java:162)
at org.openqa.selenium.remote.ElementLocation.findElement(ElementLocation.java:60)
at org.openqa.selenium.remote.RemoteWebDriver.findElement(RemoteWebDriver.java:351)
at org.openqa.selenium.remote.RemoteWebDriver.findElement(RemoteWebDriver.java:343)
at org.openqa.selenium.support.pagefactory.DefaultElementLocator.findElement(DefaultElementLocator.java:70)
at org.openqa.selenium.support.pagefactory.internal.LocatingElementHandler.invoke(LocatingElementHandler.java:39)
at jdk.proxy2/jdk.proxy2.$Proxy22.findElements(Unknown Source)
at com.POS.Actions.Action.getRowCount(Action.java:580)
at com.POS.Testcases.VerifyWaiterTest.validateEditWaiter(VerifyWaiterTest.java:66)
at java.base/jdk.internal.reflect.NativeMethodAccessorImpl.invoke0(Native Method)
at java.base/jdk.internal.reflect.NativeMethodAccessorImpl.invoke(NativeMethodAccessorImpl.java:77)
at java.base/jdk.internal.reflect.DelegatingMethodAccessorImpl.invoke(DelegatingMethodAccessorImpl.java:43)
at java.base/java.lang.reflect.Method.invoke(Method.java:568)
at org.testng.internal.invokers.MethodInvocationHelper.invokeMethod(MethodInvocationHelper.java:135)
at org.testng.internal.invokers.TestInvoker.invokeMethod(TestInvoker.java:673)
at org.testng.internal.invokers.TestInvoker.invokeTestMethod(TestInvoker.java:220)
at org.testng.internal.invokers.MethodRunner.runInSequence(MethodRunner.java:50)
at org.testng.internal.invokers.TestInvoker$MethodInvocationAgent.invoke(TestInvoker.java:945)
at org.testng.internal.invokers.TestInvoker.invokeTestMethods(TestInvoker.java:193)
at org.testng.internal.invokers.TestMethodWorker.invokeTestMethods(TestMethodWorker.java:146)
at org.testng.internal.invokers.TestMethodWorker.run(TestMethodWorker.java:128)
at java.base/java.util.ArrayList.forEach(ArrayList.java:1511)
at org.testng.TestRunner.privateRun(TestRunner.java:808)
at org.testng.TestRunner.run(TestRunner.java:603)
at org.testng.SuiteRunner.runTest(SuiteRunner.java:429)
at org.testng.SuiteRunner.runSequentially(SuiteRunner.java:423)
at org.testng.SuiteRunner.privateRun(SuiteRunner.java:383)
at org.testng.SuiteRunner.run(SuiteRunner.java:326)
at org.testng.SuiteRunnerWorker.runSuite(SuiteRunnerWorker.java:52)
at org.testng.SuiteRunnerWorker.run(SuiteRunnerWorker.java:95)
at org.testng.TestNG.runSuitesSequentially(TestNG.java:1249)
at org.testng.TestNG.runSuitesLocally(TestNG.java:1169)
at org.testng.TestNG.runSuites(TestNG.java:1092)
at org.testng.TestNG.run(TestNG.java:1060)
at org.testng.remote.AbstractRemoteTestNG.run(AbstractRemoteTestNG.java:115)
at org.testng.remote.RemoteTestNG.initAndRun(RemoteTestNG.java:251)
at org.testng.remote.RemoteTestNG.main(RemoteTestNG.java:77)
]]>
            </full-stacktrace>
          </exception> <!-- org.openqa.selenium.NoSuchElementException -->
          <reporter-output>
          </reporter-output>
        </test-method> <!-- validateEditWaiter -->
        <test-method is-config="true" signature="afterMethod()[pri:0, instance:com.POS.Testcases.VerifyWaiterTest@76b1e9b8]" started-at="2023-03-16T22:24:41 GST" name="afterMethod" finished-at="2023-03-16T22:24:42 GST" duration-ms="1417" status="PASS">
          <reporter-output>
          </reporter-output>
        </test-method> <!-- afterMethod -->
      </class> <!-- com.POS.Testcases.VerifyWaiterTest -->
      <class name="com.POS.Testcases.VerifyHomePageTest">
        <test-method is-config="true" signature="beforeMethods(java.lang.String)[pri:0, instance:com.POS.Testcases.VerifyHomePageTest@173ed316]" started-at="2023-03-16T22:04:16 GST" name="beforeMethods" finished-at="2023-03-16T22:04:25 GST" duration-ms="9887" status="PASS">
          <params>
            <param index="0">
              <value>
                <![CDATA[Edge]]>
              </value>
            </param>
          </params>
          <reporter-output>
          </reporter-output>
        </test-method> <!-- beforeMethods -->
        <test-method signature="validateElementsDisplay()[pri:1, instance:com.POS.Testcases.VerifyHomePageTest@173ed316]" started-at="2023-03-16T22:04:25 GST" name="validateElementsDisplay" finished-at="2023-03-16T22:04:29 GST" duration-ms="3502" status="PASS">
          <reporter-output>
          </reporter-output>
        </test-method> <!-- validateElementsDisplay -->
        <test-method is-config="true" signature="afterMethod()[pri:0, instance:com.POS.Testcases.VerifyHomePageTest@173ed316]" started-at="2023-03-16T22:04:29 GST" name="afterMethod" finished-at="2023-03-16T22:04:29 GST" duration-ms="448" status="PASS">
          <reporter-output>
          </reporter-output>
        </test-method> <!-- afterMethod -->
        <test-method is-config="true" signature="beforeMethods(java.lang.String)[pri:0, instance:com.POS.Testcases.VerifyHomePageTest@173ed316]" started-at="2023-03-16T22:04:29 GST" name="beforeMethods" finished-at="2023-03-16T22:04:40 GST" duration-ms="10816" status="PASS">
          <params>
            <param index="0">
              <value>
                <![CDATA[Edge]]>
              </value>
            </param>
          </params>
          <reporter-output>
          </reporter-output>
        </test-method> <!-- beforeMethods -->
        <test-method signature="validateLanguageSelection()[pri:2, instance:com.POS.Testcases.VerifyHomePageTest@173ed316]" started-at="2023-03-16T22:04:40 GST" name="validateLanguageSelection" finished-at="2023-03-16T22:04:45 GST" duration-ms="4304" status="PASS">
          <reporter-output>
          </reporter-output>
        </test-method> <!-- validateLanguageSelection -->
        <test-method is-config="true" signature="afterMethod()[pri:0, instance:com.POS.Testcases.VerifyHomePageTest@173ed316]" started-at="2023-03-16T22:04:45 GST" name="afterMethod" finished-at="2023-03-16T22:04:45 GST" duration-ms="310" status="PASS">
          <reporter-output>
          </reporter-output>
        </test-method> <!-- afterMethod -->
        <test-method is-config="true" signature="beforeMethods(java.lang.String)[pri:0, instance:com.POS.Testcases.VerifyHomePageTest@173ed316]" started-at="2023-03-16T22:04:45 GST" name="beforeMethods" finished-at="2023-03-16T22:04:54 GST" duration-ms="9248" status="PASS">
          <params>
            <param index="0">
              <value>
                <![CDATA[Edge]]>
              </value>
            </param>
          </params>
          <reporter-output>
          </reporter-output>
        </test-method> <!-- beforeMethods -->
        <test-method signature="validateMenuDisplay()[pri:3, instance:com.POS.Testcases.VerifyHomePageTest@173ed316]" started-at="2023-03-16T22:04:54 GST" name="validateMenuDisplay" finished-at="2023-03-16T22:04:58 GST" duration-ms="4011" status="PASS">
          <reporter-output>
          </reporter-output>
        </test-method> <!-- validateMenuDisplay -->
        <test-method is-config="true" signature="afterMethod()[pri:0, instance:com.POS.Testcases.VerifyHomePageTest@173ed316]" started-at="2023-03-16T22:04:58 GST" name="afterMethod" finished-at="2023-03-16T22:04:58 GST" duration-ms="236" status="PASS">
          <reporter-output>
          </reporter-output>
        </test-method> <!-- afterMethod -->
        <test-method is-config="true" signature="beforeMethods(java.lang.String)[pri:0, instance:com.POS.Testcases.VerifyHomePageTest@173ed316]" started-at="2023-03-16T22:04:58 GST" name="beforeMethods" finished-at="2023-03-16T22:05:10 GST" duration-ms="12010" status="PASS">
          <params>
            <param index="0">
              <value>
                <![CDATA[Edge]]>
              </value>
            </param>
          </params>
          <reporter-output>
          </reporter-output>
        </test-method> <!-- beforeMethods -->
        <test-method signature="validateMenuClick()[pri:4, instance:com.POS.Testcases.VerifyHomePageTest@173ed316]" started-at="2023-03-16T22:05:10 GST" name="validateMenuClick" finished-at="2023-03-16T22:05:30 GST" duration-ms="19389" status="PASS">
          <reporter-output>
          </reporter-output>
        </test-method> <!-- validateMenuClick -->
        <test-method is-config="true" signature="afterMethod()[pri:0, instance:com.POS.Testcases.VerifyHomePageTest@173ed316]" started-at="2023-03-16T22:05:30 GST" name="afterMethod" finished-at="2023-03-16T22:05:32 GST" duration-ms="2150" status="PASS">
          <reporter-output>
          </reporter-output>
        </test-method> <!-- afterMethod -->
      </class> <!-- com.POS.Testcases.VerifyHomePageTest -->
      <class name="com.POS.Testcases.VerifyStoreTest">
        <test-method is-config="true" signature="beforeMethods(java.lang.String)[pri:0, instance:com.POS.Testcases.VerifyStoreTest@74ea2410]" started-at="2023-03-16T22:14:14 GST" name="beforeMethods" finished-at="2023-03-16T22:14:22 GST" duration-ms="7362" status="PASS">
          <params>
            <param index="0">
              <value>
                <![CDATA[Edge]]>
              </value>
            </param>
          </params>
          <reporter-output>
          </reporter-output>
        </test-method> <!-- beforeMethods -->
        <test-method signature="validateShowCount()[pri:1, instance:com.POS.Testcases.VerifyStoreTest@74ea2410]" started-at="2023-03-16T22:14:22 GST" name="validateShowCount" finished-at="2023-03-16T22:14:29 GST" duration-ms="7067" status="PASS">
          <reporter-output>
          </reporter-output>
        </test-method> <!-- validateShowCount -->
        <test-method is-config="true" signature="afterMethod()[pri:0, instance:com.POS.Testcases.VerifyStoreTest@74ea2410]" started-at="2023-03-16T22:14:29 GST" name="afterMethod" finished-at="2023-03-16T22:14:29 GST" duration-ms="321" status="PASS">
          <reporter-output>
          </reporter-output>
        </test-method> <!-- afterMethod -->
        <test-method is-config="true" signature="beforeMethods(java.lang.String)[pri:0, instance:com.POS.Testcases.VerifyStoreTest@74ea2410]" started-at="2023-03-16T22:14:29 GST" name="beforeMethods" finished-at="2023-03-16T22:14:36 GST" duration-ms="6853" status="PASS">
          <params>
            <param index="0">
              <value>
                <![CDATA[Edge]]>
              </value>
            </param>
          </params>
          <reporter-output>
          </reporter-output>
        </test-method> <!-- beforeMethods -->
        <test-method signature="validateAddStore()[pri:2, instance:com.POS.Testcases.VerifyStoreTest@74ea2410]" started-at="2023-03-16T22:14:36 GST" name="validateAddStore" finished-at="2023-03-16T22:14:44 GST" duration-ms="7730" status="PASS">
          <reporter-output>
          </reporter-output>
        </test-method> <!-- validateAddStore -->
        <test-method is-config="true" signature="afterMethod()[pri:0, instance:com.POS.Testcases.VerifyStoreTest@74ea2410]" started-at="2023-03-16T22:14:44 GST" name="afterMethod" finished-at="2023-03-16T22:14:44 GST" duration-ms="189" status="PASS">
          <reporter-output>
          </reporter-output>
        </test-method> <!-- afterMethod -->
        <test-method is-config="true" signature="beforeMethods(java.lang.String)[pri:0, instance:com.POS.Testcases.VerifyStoreTest@74ea2410]" started-at="2023-03-16T22:14:44 GST" name="beforeMethods" finished-at="2023-03-16T22:14:50 GST" duration-ms="5856" status="PASS">
          <params>
            <param index="0">
              <value>
                <![CDATA[Edge]]>
              </value>
            </param>
          </params>
          <reporter-output>
          </reporter-output>
        </test-method> <!-- beforeMethods -->
        <test-method signature="validateSearchStore()[pri:3, instance:com.POS.Testcases.VerifyStoreTest@74ea2410]" started-at="2023-03-16T22:14:50 GST" name="validateSearchStore" finished-at="2023-03-16T22:14:55 GST" duration-ms="5003" status="PASS">
          <reporter-output>
          </reporter-output>
        </test-method> <!-- validateSearchStore -->
        <test-method is-config="true" signature="afterMethod()[pri:0, instance:com.POS.Testcases.VerifyStoreTest@74ea2410]" started-at="2023-03-16T22:14:55 GST" name="afterMethod" finished-at="2023-03-16T22:14:55 GST" duration-ms="181" status="PASS">
          <reporter-output>
          </reporter-output>
        </test-method> <!-- afterMethod -->
        <test-method is-config="true" signature="beforeMethods(java.lang.String)[pri:0, instance:com.POS.Testcases.VerifyStoreTest@74ea2410]" started-at="2023-03-16T22:14:55 GST" name="beforeMethods" finished-at="2023-03-16T22:15:02 GST" duration-ms="6904" status="PASS">
          <params>
            <param index="0">
              <value>
                <![CDATA[Edge]]>
              </value>
            </param>
          </params>
          <reporter-output>
          </reporter-output>
        </test-method> <!-- beforeMethods -->
        <test-method signature="validateEditStore()[pri:4, instance:com.POS.Testcases.VerifyStoreTest@74ea2410]" started-at="2023-03-16T22:15:02 GST" name="validateEditStore" finished-at="2023-03-16T22:15:10 GST" duration-ms="8523" status="PASS">
          <reporter-output>
          </reporter-output>
        </test-method> <!-- validateEditStore -->
        <test-method is-config="true" signature="afterMethod()[pri:0, instance:com.POS.Testcases.VerifyStoreTest@74ea2410]" started-at="2023-03-16T22:15:10 GST" name="afterMethod" finished-at="2023-03-16T22:15:11 GST" duration-ms="214" status="PASS">
          <reporter-output>
          </reporter-output>
        </test-method> <!-- afterMethod -->
        <test-method is-config="true" signature="beforeMethods(java.lang.String)[pri:0, instance:com.POS.Testcases.VerifyStoreTest@74ea2410]" started-at="2023-03-16T22:15:11 GST" name="beforeMethods" finished-at="2023-03-16T22:15:17 GST" duration-ms="6062" status="PASS">
          <params>
            <param index="0">
              <value>
                <![CDATA[Edge]]>
              </value>
            </param>
          </params>
          <reporter-output>
          </reporter-output>
        </test-method> <!-- beforeMethods -->
        <test-method signature="validateStoreSorting()[pri:5, instance:com.POS.Testcases.VerifyStoreTest@74ea2410]" started-at="2023-03-16T22:15:17 GST" name="validateStoreSorting" finished-at="2023-03-16T22:15:31 GST" duration-ms="14369" status="FAIL">
          <exception class="java.lang.AssertionError">
            <message>
              <![CDATA[The following asserts failed:
expected [VKS Store2147483647] but found [AJStores]]]>
            </message>
            <full-stacktrace>
              <![CDATA[java.lang.AssertionError: The following asserts failed:
expected [VKS Store2147483647] but found [AJStores]
at org.testng.asserts.SoftAssert.assertAll(SoftAssert.java:46)
at org.testng.asserts.SoftAssert.assertAll(SoftAssert.java:30)
at com.POS.Testcases.VerifyStoreTest.validateStoreSorting(VerifyStoreTest.java:141)
at java.base/jdk.internal.reflect.NativeMethodAccessorImpl.invoke0(Native Method)
at java.base/jdk.internal.reflect.NativeMethodAccessorImpl.invoke(NativeMethodAccessorImpl.java:77)
at java.base/jdk.internal.reflect.DelegatingMethodAccessorImpl.invoke(DelegatingMethodAccessorImpl.java:43)
at java.base/java.lang.reflect.Method.invoke(Method.java:568)
at org.testng.internal.invokers.MethodInvocationHelper.invokeMethod(MethodInvocationHelper.java:135)
at org.testng.internal.invokers.TestInvoker.invokeMethod(TestInvoker.java:673)
at org.testng.internal.invokers.TestInvoker.invokeTestMethod(TestInvoker.java:220)
at org.testng.internal.invokers.MethodRunner.runInSequence(MethodRunner.java:50)
at org.testng.internal.invokers.TestInvoker$MethodInvocationAgent.invoke(TestInvoker.java:945)
at org.testng.internal.invokers.TestInvoker.invokeTestMethods(TestInvoker.java:193)
at org.testng.internal.invokers.TestMethodWorker.invokeTestMethods(TestMethodWorker.java:146)
at org.testng.internal.invokers.TestMethodWorker.run(TestMethodWorker.java:128)
at java.base/java.util.ArrayList.forEach(ArrayList.java:1511)
at org.testng.TestRunner.privateRun(TestRunner.java:808)
at org.testng.TestRunner.run(TestRunner.java:603)
at org.testng.SuiteRunner.runTest(SuiteRunner.java:429)
at org.testng.SuiteRunner.runSequentially(SuiteRunner.java:423)
at org.testng.SuiteRunner.privateRun(SuiteRunner.java:383)
at org.testng.SuiteRunner.run(SuiteRunner.java:326)
at org.testng.SuiteRunnerWorker.runSuite(SuiteRunnerWorker.java:52)
at org.testng.SuiteRunnerWorker.run(SuiteRunnerWorker.java:95)
at org.testng.TestNG.runSuitesSequentially(TestNG.java:1249)
at org.testng.TestNG.runSuitesLocally(TestNG.java:1169)
at org.testng.TestNG.runSuites(TestNG.java:1092)
at org.testng.TestNG.run(TestNG.java:1060)
at org.testng.remote.AbstractRemoteTestNG.run(AbstractRemoteTestNG.java:115)
at org.testng.remote.RemoteTestNG.initAndRun(RemoteTestNG.java:251)
at org.testng.remote.RemoteTestNG.main(RemoteTestNG.java:77)
]]>
            </full-stacktrace>
          </exception> <!-- java.lang.AssertionError -->
          <reporter-output>
          </reporter-output>
        </test-method> <!-- validateStoreSorting -->
        <test-method is-config="true" signature="afterMethod()[pri:0, instance:com.POS.Testcases.VerifyStoreTest@74ea2410]" started-at="2023-03-16T22:15:31 GST" name="afterMethod" finished-at="2023-03-16T22:15:32 GST" duration-ms="676" status="PASS">
          <reporter-output>
          </reporter-output>
        </test-method> <!-- afterMethod -->
      </class> <!-- com.POS.Testcases.VerifyStoreTest -->
      <class name="com.POS.Testcases.VerifyCategoryTest">
        <test-method is-config="true" signature="beforeMethods(java.lang.String)[pri:0, instance:com.POS.Testcases.VerifyCategoryTest@27406a17]" started-at="2023-03-16T22:24:42 GST" name="beforeMethods" finished-at="2023-03-16T22:24:55 GST" duration-ms="12939" status="PASS">
          <params>
            <param index="0">
              <value>
                <![CDATA[Edge]]>
              </value>
            </param>
          </params>
          <reporter-output>
          </reporter-output>
        </test-method> <!-- beforeMethods -->
        <test-method signature="validateCatTblHeaders()[pri:0, instance:com.POS.Testcases.VerifyCategoryTest@27406a17]" started-at="2023-03-16T22:24:55 GST" name="validateCatTblHeaders" finished-at="2023-03-16T22:25:01 GST" duration-ms="5476" status="PASS">
          <reporter-output>
          </reporter-output>
        </test-method> <!-- validateCatTblHeaders -->
        <test-method is-config="true" signature="afterMethod()[pri:0, instance:com.POS.Testcases.VerifyCategoryTest@27406a17]" started-at="2023-03-16T22:25:01 GST" name="afterMethod" finished-at="2023-03-16T22:25:01 GST" duration-ms="327" status="PASS">
          <reporter-output>
          </reporter-output>
        </test-method> <!-- afterMethod -->
        <test-method is-config="true" signature="beforeMethods(java.lang.String)[pri:0, instance:com.POS.Testcases.VerifyCategoryTest@27406a17]" started-at="2023-03-16T22:25:01 GST" name="beforeMethods" finished-at="2023-03-16T22:25:13 GST" duration-ms="11523" status="PASS">
          <params>
            <param index="0">
              <value>
                <![CDATA[Edge]]>
              </value>
            </param>
          </params>
          <reporter-output>
          </reporter-output>
        </test-method> <!-- beforeMethods -->
        <test-method signature="validateAddCategory()[pri:2, instance:com.POS.Testcases.VerifyCategoryTest@27406a17]" started-at="2023-03-16T22:25:13 GST" name="validateAddCategory" finished-at="2023-03-16T22:25:21 GST" duration-ms="7905" status="PASS">
          <reporter-output>
          </reporter-output>
        </test-method> <!-- validateAddCategory -->
        <test-method is-config="true" signature="afterMethod()[pri:0, instance:com.POS.Testcases.VerifyCategoryTest@27406a17]" started-at="2023-03-16T22:25:21 GST" name="afterMethod" finished-at="2023-03-16T22:25:21 GST" duration-ms="185" status="PASS">
          <reporter-output>
          </reporter-output>
        </test-method> <!-- afterMethod -->
      </class> <!-- com.POS.Testcases.VerifyCategoryTest -->
      <class name="com.POS.Testcases.VerifyStoreManageTest">
        <test-method is-config="true" signature="beforeMethods(java.lang.String)[pri:0, instance:com.POS.Testcases.VerifyStoreManageTest@17f62e33]" started-at="2023-03-16T22:15:32 GST" name="beforeMethods" finished-at="2023-03-16T22:15:38 GST" duration-ms="6345" status="PASS">
          <params>
            <param index="0">
              <value>
                <![CDATA[Edge]]>
              </value>
            </param>
          </params>
          <reporter-output>
          </reporter-output>
        </test-method> <!-- beforeMethods -->
        <test-method signature="validateAddZone(java.lang.String)[pri:1, instance:com.POS.Testcases.VerifyStoreManageTest@17f62e33]" started-at="2023-03-16T22:15:38 GST" name="validateAddZone" finished-at="2023-03-16T22:15:46 GST" duration-ms="8213" status="PASS">
          <params>
            <param index="0">
              <value>
                <![CDATA[Test OBS Zone]]>
              </value>
            </param>
          </params>
          <reporter-output>
          </reporter-output>
        </test-method> <!-- validateAddZone -->
        <test-method is-config="true" signature="afterMethod()[pri:0, instance:com.POS.Testcases.VerifyStoreManageTest@17f62e33]" started-at="2023-03-16T22:15:46 GST" name="afterMethod" finished-at="2023-03-16T22:15:47 GST" duration-ms="319" status="PASS">
          <reporter-output>
          </reporter-output>
        </test-method> <!-- afterMethod -->
        <test-method is-config="true" signature="beforeMethods(java.lang.String)[pri:0, instance:com.POS.Testcases.VerifyStoreManageTest@17f62e33]" started-at="2023-03-16T22:15:47 GST" name="beforeMethods" finished-at="2023-03-16T22:15:53 GST" duration-ms="6268" status="PASS">
          <params>
            <param index="0">
              <value>
                <![CDATA[Edge]]>
              </value>
            </param>
          </params>
          <reporter-output>
          </reporter-output>
        </test-method> <!-- beforeMethods -->
        <test-method signature="validateEditZone()[pri:2, instance:com.POS.Testcases.VerifyStoreManageTest@17f62e33]" started-at="2023-03-16T22:15:53 GST" name="validateEditZone" finished-at="2023-03-16T22:16:01 GST" duration-ms="7541" status="PASS">
          <reporter-output>
          </reporter-output>
        </test-method> <!-- validateEditZone -->
        <test-method is-config="true" signature="afterMethod()[pri:0, instance:com.POS.Testcases.VerifyStoreManageTest@17f62e33]" started-at="2023-03-16T22:16:01 GST" name="afterMethod" finished-at="2023-03-16T22:16:01 GST" duration-ms="307" status="PASS">
          <reporter-output>
          </reporter-output>
        </test-method> <!-- afterMethod -->
        <test-method is-config="true" signature="beforeMethods(java.lang.String)[pri:0, instance:com.POS.Testcases.VerifyStoreManageTest@17f62e33]" started-at="2023-03-16T22:16:01 GST" name="beforeMethods" finished-at="2023-03-16T22:16:07 GST" duration-ms="6399" status="PASS">
          <params>
            <param index="0">
              <value>
                <![CDATA[Edge]]>
              </value>
            </param>
          </params>
          <reporter-output>
          </reporter-output>
        </test-method> <!-- beforeMethods -->
        <test-method signature="validateAddStoreTable(java.lang.String)[pri:3, instance:com.POS.Testcases.VerifyStoreManageTest@17f62e33]" started-at="2023-03-16T22:16:07 GST" name="validateAddStoreTable" finished-at="2023-03-16T22:16:15 GST" duration-ms="7827" status="PASS">
          <params>
            <param index="0">
              <value>
                <![CDATA[Test OBS Store Table]]>
              </value>
            </param>
          </params>
          <reporter-output>
          </reporter-output>
        </test-method> <!-- validateAddStoreTable -->
        <test-method is-config="true" signature="afterMethod()[pri:0, instance:com.POS.Testcases.VerifyStoreManageTest@17f62e33]" started-at="2023-03-16T22:16:15 GST" name="afterMethod" finished-at="2023-03-16T22:16:15 GST" duration-ms="203" status="PASS">
          <reporter-output>
          </reporter-output>
        </test-method> <!-- afterMethod -->
        <test-method is-config="true" signature="beforeMethods(java.lang.String)[pri:0, instance:com.POS.Testcases.VerifyStoreManageTest@17f62e33]" started-at="2023-03-16T22:16:15 GST" name="beforeMethods" finished-at="2023-03-16T22:16:21 GST" duration-ms="6006" status="PASS">
          <params>
            <param index="0">
              <value>
                <![CDATA[Edge]]>
              </value>
            </param>
          </params>
          <reporter-output>
          </reporter-output>
        </test-method> <!-- beforeMethods -->
        <test-method signature="validateEditStoreTable()[pri:4, instance:com.POS.Testcases.VerifyStoreManageTest@17f62e33]" started-at="2023-03-16T22:16:21 GST" name="validateEditStoreTable" finished-at="2023-03-16T22:16:30 GST" duration-ms="8458" status="PASS">
          <reporter-output>
          </reporter-output>
        </test-method> <!-- validateEditStoreTable -->
        <test-method is-config="true" signature="afterMethod()[pri:0, instance:com.POS.Testcases.VerifyStoreManageTest@17f62e33]" started-at="2023-03-16T22:16:30 GST" name="afterMethod" finished-at="2023-03-16T22:16:30 GST" duration-ms="368" status="PASS">
          <reporter-output>
          </reporter-output>
        </test-method> <!-- afterMethod -->
        <test-method is-config="true" signature="beforeMethods(java.lang.String)[pri:0, instance:com.POS.Testcases.VerifyStoreManageTest@17f62e33]" started-at="2023-03-16T22:16:30 GST" name="beforeMethods" finished-at="2023-03-16T22:16:37 GST" duration-ms="6437" status="PASS">
          <params>
            <param index="0">
              <value>
                <![CDATA[Edge]]>
              </value>
            </param>
          </params>
          <reporter-output>
          </reporter-output>
        </test-method> <!-- beforeMethods -->
        <test-method signature="validateDeleteStoreTbl()[pri:5, instance:com.POS.Testcases.VerifyStoreManageTest@17f62e33]" started-at="2023-03-16T22:16:37 GST" name="validateDeleteStoreTbl" finished-at="2023-03-16T22:17:58 GST" duration-ms="81672" status="FAIL">
          <exception class="org.openqa.selenium.NoSuchElementException">
            <message>
              <![CDATA[no such element: Unable to locate element: {"method":"xpath","selector":"//h2[text()='Store Zones']"}
  (Session info: MicrosoftEdge=111.0.1661.43)
For documentation on this error, please visit: https://selenium.dev/exceptions/#no_such_element
Build info: version: '4.7.2', revision: '4d4020c3b7'
System info: os.name: 'Windows 10', os.arch: 'amd64', os.version: '10.0', java.version: '17.0.6'
Driver info: org.openqa.selenium.edge.EdgeDriver
Command: [8668b5b2998e2ce9158a79ae78ebbd28, findElement {using=xpath, value=//h2[text()='Store Zones']}]
Capabilities {acceptInsecureCerts: false, browserName: msedge, browserVersion: 111.0.1661.43, ms:edgeOptions: {debuggerAddress: localhost:61057}, msedge: {msedgedriverVersion: 111.0.1661.41 (57be51b50d1b..., userDataDir: C:\Users\Thomas\AppData\Loc...}, networkConnectionEnabled: false, pageLoadStrategy: normal, platformName: WINDOWS, proxy: Proxy(), se:cdp: ws://localhost:61057/devtoo..., se:cdpVersion: 111.0.1661.43, setWindowRect: true, strictFileInteractability: false, timeouts: {implicit: 0, pageLoad: 300000, script: 30000}, unhandledPromptBehavior: dismiss and notify, webauthn:extension:credBlob: true, webauthn:extension:largeBlob: true, webauthn:extension:minPinLength: true, webauthn:extension:prf: true, webauthn:virtualAuthenticators: true}
Session ID: 8668b5b2998e2ce9158a79ae78ebbd28]]>
            </message>
            <full-stacktrace>
              <![CDATA[org.openqa.selenium.NoSuchElementException: no such element: Unable to locate element: {"method":"xpath","selector":"//h2[text()='Store Zones']"}
  (Session info: MicrosoftEdge=111.0.1661.43)
For documentation on this error, please visit: https://selenium.dev/exceptions/#no_such_element
Build info: version: '4.7.2', revision: '4d4020c3b7'
System info: os.name: 'Windows 10', os.arch: 'amd64', os.version: '10.0', java.version: '17.0.6'
Driver info: org.openqa.selenium.edge.EdgeDriver
Command: [8668b5b2998e2ce9158a79ae78ebbd28, findElement {using=xpath, value=//h2[text()='Store Zones']}]
Capabilities {acceptInsecureCerts: false, browserName: msedge, browserVersion: 111.0.1661.43, ms:edgeOptions: {debuggerAddress: localhost:61057}, msedge: {msedgedriverVersion: 111.0.1661.41 (57be51b50d1b..., userDataDir: C:\Users\Thomas\AppData\Loc...}, networkConnectionEnabled: false, pageLoadStrategy: normal, platformName: WINDOWS, proxy: Proxy(), se:cdp: ws://localhost:61057/devtoo..., se:cdpVersion: 111.0.1661.43, setWindowRect: true, strictFileInteractability: false, timeouts: {implicit: 0, pageLoad: 300000, script: 30000}, unhandledPromptBehavior: dismiss and notify, webauthn:extension:credBlob: true, webauthn:extension:largeBlob: true, webauthn:extension:minPinLength: true, webauthn:extension:prf: true, webauthn:virtualAuthenticators: true}
Session ID: 8668b5b2998e2ce9158a79ae78ebbd28
at jdk.internal.reflect.GeneratedConstructorAccessor40.newInstance(Unknown Source)
at java.base/jdk.internal.reflect.DelegatingConstructorAccessorImpl.newInstance(DelegatingConstructorAccessorImpl.java:45)
at java.base/java.lang.reflect.Constructor.newInstanceWithCaller(Constructor.java:499)
at java.base/java.lang.reflect.Constructor.newInstance(Constructor.java:480)
at org.openqa.selenium.remote.codec.w3c.W3CHttpResponseCodec.createException(W3CHttpResponseCodec.java:200)
at org.openqa.selenium.remote.codec.w3c.W3CHttpResponseCodec.decode(W3CHttpResponseCodec.java:133)
at org.openqa.selenium.remote.codec.w3c.W3CHttpResponseCodec.decode(W3CHttpResponseCodec.java:53)
at org.openqa.selenium.remote.HttpCommandExecutor.execute(HttpCommandExecutor.java:184)
at org.openqa.selenium.remote.service.DriverCommandExecutor.invokeExecute(DriverCommandExecutor.java:167)
at org.openqa.selenium.remote.service.DriverCommandExecutor.execute(DriverCommandExecutor.java:142)
at org.openqa.selenium.remote.RemoteWebDriver.execute(RemoteWebDriver.java:535)
at org.openqa.selenium.remote.ElementLocation$ElementFinder$2.findElement(ElementLocation.java:162)
at org.openqa.selenium.remote.ElementLocation.findElement(ElementLocation.java:60)
at org.openqa.selenium.remote.RemoteWebDriver.findElement(RemoteWebDriver.java:351)
at org.openqa.selenium.remote.RemoteWebDriver.findElement(RemoteWebDriver.java:343)
at org.openqa.selenium.support.pagefactory.DefaultElementLocator.findElement(DefaultElementLocator.java:70)
at org.openqa.selenium.support.pagefactory.internal.LocatingElementHandler.invoke(LocatingElementHandler.java:39)
at jdk.proxy2/jdk.proxy2.$Proxy22.getText(Unknown Source)
at com.POS.Testcases.VerifyStoreManageTest.validateDeleteStoreTbl(VerifyStoreManageTest.java:80)
at java.base/jdk.internal.reflect.NativeMethodAccessorImpl.invoke0(Native Method)
at java.base/jdk.internal.reflect.NativeMethodAccessorImpl.invoke(NativeMethodAccessorImpl.java:77)
at java.base/jdk.internal.reflect.DelegatingMethodAccessorImpl.invoke(DelegatingMethodAccessorImpl.java:43)
at java.base/java.lang.reflect.Method.invoke(Method.java:568)
at org.testng.internal.invokers.MethodInvocationHelper.invokeMethod(MethodInvocationHelper.java:135)
at org.testng.internal.invokers.TestInvoker.invokeMethod(TestInvoker.java:673)
at org.testng.internal.invokers.TestInvoker.invokeTestMethod(TestInvoker.java:220)
at org.testng.internal.invokers.MethodRunner.runInSequence(MethodRunner.java:50)
at org.testng.internal.invokers.TestInvoker$MethodInvocationAgent.invoke(TestInvoker.java:945)
at org.testng.internal.invokers.TestInvoker.invokeTestMethods(TestInvoker.java:193)
at org.testng.internal.invokers.TestMethodWorker.invokeTestMethods(TestMethodWorker.java:146)
at org.testng.internal.invokers.TestMethodWorker.run(TestMethodWorker.java:128)
at java.base/java.util.ArrayList.forEach(ArrayList.java:1511)
at org.testng.TestRunner.privateRun(TestRunner.java:808)
at org.testng.TestRunner.run(TestRunner.java:603)
at org.testng.SuiteRunner.runTest(SuiteRunner.java:429)
at org.testng.SuiteRunner.runSequentially(SuiteRunner.java:423)
at org.testng.SuiteRunner.privateRun(SuiteRunner.java:383)
at org.testng.SuiteRunner.run(SuiteRunner.java:326)
at org.testng.SuiteRunnerWorker.runSuite(SuiteRunnerWorker.java:52)
at org.testng.SuiteRunnerWorker.run(SuiteRunnerWorker.java:95)
at org.testng.TestNG.runSuitesSequentially(TestNG.java:1249)
at org.testng.TestNG.runSuitesLocally(TestNG.java:1169)
at org.testng.TestNG.runSuites(TestNG.java:1092)
at org.testng.TestNG.run(TestNG.java:1060)
at org.testng.remote.AbstractRemoteTestNG.run(AbstractRemoteTestNG.java:115)
at org.testng.remote.RemoteTestNG.initAndRun(RemoteTestNG.java:251)
at org.testng.remote.RemoteTestNG.main(RemoteTestNG.java:77)
]]>
            </full-stacktrace>
          </exception> <!-- org.openqa.selenium.NoSuchElementException -->
          <reporter-output>
          </reporter-output>
        </test-method> <!-- validateDeleteStoreTbl -->
        <test-method is-config="true" signature="afterMethod()[pri:0, instance:com.POS.Testcases.VerifyStoreManageTest@17f62e33]" started-at="2023-03-16T22:17:58 GST" name="afterMethod" finished-at="2023-03-16T22:17:59 GST" duration-ms="386" status="PASS">
          <reporter-output>
          </reporter-output>
        </test-method> <!-- afterMethod -->
        <test-method is-config="true" signature="beforeMethods(java.lang.String)[pri:0, instance:com.POS.Testcases.VerifyStoreManageTest@17f62e33]" started-at="2023-03-16T22:17:59 GST" name="beforeMethods" finished-at="2023-03-16T22:18:05 GST" duration-ms="6083" status="PASS">
          <params>
            <param index="0">
              <value>
                <![CDATA[Edge]]>
              </value>
            </param>
          </params>
          <reporter-output>
          </reporter-output>
        </test-method> <!-- beforeMethods -->
        <test-method signature="validateDeleteZone()[pri:6, instance:com.POS.Testcases.VerifyStoreManageTest@17f62e33]" started-at="2023-03-16T22:18:05 GST" name="validateDeleteZone" finished-at="2023-03-16T22:18:12 GST" duration-ms="7193" status="PASS">
          <reporter-output>
          </reporter-output>
        </test-method> <!-- validateDeleteZone -->
        <test-method is-config="true" signature="afterMethod()[pri:0, instance:com.POS.Testcases.VerifyStoreManageTest@17f62e33]" started-at="2023-03-16T22:18:12 GST" name="afterMethod" finished-at="2023-03-16T22:18:12 GST" duration-ms="189" status="PASS">
          <reporter-output>
          </reporter-output>
        </test-method> <!-- afterMethod -->
        <test-method is-config="true" signature="beforeMethods(java.lang.String)[pri:0, instance:com.POS.Testcases.VerifyStoreManageTest@17f62e33]" started-at="2023-03-16T22:18:12 GST" name="beforeMethods" finished-at="2023-03-16T22:18:19 GST" duration-ms="6505" status="PASS">
          <params>
            <param index="0">
              <value>
                <![CDATA[Edge]]>
              </value>
            </param>
          </params>
          <reporter-output>
          </reporter-output>
        </test-method> <!-- beforeMethods -->
        <test-method signature="validateDeleteStore()[pri:7, instance:com.POS.Testcases.VerifyStoreManageTest@17f62e33]" started-at="2023-03-16T22:18:19 GST" name="validateDeleteStore" finished-at="2023-03-16T22:20:55 GST" duration-ms="156138" status="FAIL">
          <exception class="org.openqa.selenium.NoSuchElementException">
            <message>
              <![CDATA[no such element: Unable to locate element: {"method":"xpath","selector":"//td[@class='dataTables_empty']"}
  (Session info: MicrosoftEdge=111.0.1661.43)
For documentation on this error, please visit: https://selenium.dev/exceptions/#no_such_element
Build info: version: '4.7.2', revision: '4d4020c3b7'
System info: os.name: 'Windows 10', os.arch: 'amd64', os.version: '10.0', java.version: '17.0.6'
Driver info: org.openqa.selenium.edge.EdgeDriver
Command: [26180d8e48c5559f58eb7d81e4a40eae, findElement {using=xpath, value=//td[@class='dataTables_empty']}]
Capabilities {acceptInsecureCerts: false, browserName: msedge, browserVersion: 111.0.1661.43, ms:edgeOptions: {debuggerAddress: localhost:61194}, msedge: {msedgedriverVersion: 111.0.1661.41 (57be51b50d1b..., userDataDir: C:\Users\Thomas\AppData\Loc...}, networkConnectionEnabled: false, pageLoadStrategy: normal, platformName: WINDOWS, proxy: Proxy(), se:cdp: ws://localhost:61194/devtoo..., se:cdpVersion: 111.0.1661.43, setWindowRect: true, strictFileInteractability: false, timeouts: {implicit: 0, pageLoad: 300000, script: 30000}, unhandledPromptBehavior: dismiss and notify, webauthn:extension:credBlob: true, webauthn:extension:largeBlob: true, webauthn:extension:minPinLength: true, webauthn:extension:prf: true, webauthn:virtualAuthenticators: true}
Session ID: 26180d8e48c5559f58eb7d81e4a40eae]]>
            </message>
            <full-stacktrace>
              <![CDATA[org.openqa.selenium.NoSuchElementException: no such element: Unable to locate element: {"method":"xpath","selector":"//td[@class='dataTables_empty']"}
  (Session info: MicrosoftEdge=111.0.1661.43)
For documentation on this error, please visit: https://selenium.dev/exceptions/#no_such_element
Build info: version: '4.7.2', revision: '4d4020c3b7'
System info: os.name: 'Windows 10', os.arch: 'amd64', os.version: '10.0', java.version: '17.0.6'
Driver info: org.openqa.selenium.edge.EdgeDriver
Command: [26180d8e48c5559f58eb7d81e4a40eae, findElement {using=xpath, value=//td[@class='dataTables_empty']}]
Capabilities {acceptInsecureCerts: false, browserName: msedge, browserVersion: 111.0.1661.43, ms:edgeOptions: {debuggerAddress: localhost:61194}, msedge: {msedgedriverVersion: 111.0.1661.41 (57be51b50d1b..., userDataDir: C:\Users\Thomas\AppData\Loc...}, networkConnectionEnabled: false, pageLoadStrategy: normal, platformName: WINDOWS, proxy: Proxy(), se:cdp: ws://localhost:61194/devtoo..., se:cdpVersion: 111.0.1661.43, setWindowRect: true, strictFileInteractability: false, timeouts: {implicit: 0, pageLoad: 300000, script: 30000}, unhandledPromptBehavior: dismiss and notify, webauthn:extension:credBlob: true, webauthn:extension:largeBlob: true, webauthn:extension:minPinLength: true, webauthn:extension:prf: true, webauthn:virtualAuthenticators: true}
Session ID: 26180d8e48c5559f58eb7d81e4a40eae
at jdk.internal.reflect.GeneratedConstructorAccessor40.newInstance(Unknown Source)
at java.base/jdk.internal.reflect.DelegatingConstructorAccessorImpl.newInstance(DelegatingConstructorAccessorImpl.java:45)
at java.base/java.lang.reflect.Constructor.newInstanceWithCaller(Constructor.java:499)
at java.base/java.lang.reflect.Constructor.newInstance(Constructor.java:480)
at org.openqa.selenium.remote.codec.w3c.W3CHttpResponseCodec.createException(W3CHttpResponseCodec.java:200)
at org.openqa.selenium.remote.codec.w3c.W3CHttpResponseCodec.decode(W3CHttpResponseCodec.java:133)
at org.openqa.selenium.remote.codec.w3c.W3CHttpResponseCodec.decode(W3CHttpResponseCodec.java:53)
at org.openqa.selenium.remote.HttpCommandExecutor.execute(HttpCommandExecutor.java:184)
at org.openqa.selenium.remote.service.DriverCommandExecutor.invokeExecute(DriverCommandExecutor.java:167)
at org.openqa.selenium.remote.service.DriverCommandExecutor.execute(DriverCommandExecutor.java:142)
at org.openqa.selenium.remote.RemoteWebDriver.execute(RemoteWebDriver.java:535)
at org.openqa.selenium.remote.ElementLocation$ElementFinder$2.findElement(ElementLocation.java:162)
at org.openqa.selenium.remote.ElementLocation.findElement(ElementLocation.java:60)
at org.openqa.selenium.remote.RemoteWebDriver.findElement(RemoteWebDriver.java:351)
at org.openqa.selenium.remote.RemoteWebDriver.findElement(RemoteWebDriver.java:343)
at org.openqa.selenium.support.pagefactory.DefaultElementLocator.findElement(DefaultElementLocator.java:70)
at org.openqa.selenium.support.pagefactory.internal.LocatingElementHandler.invoke(LocatingElementHandler.java:39)
at jdk.proxy2/jdk.proxy2.$Proxy22.getText(Unknown Source)
at com.POS.Testcases.VerifyStoreManageTest.validateDeleteStore(VerifyStoreManageTest.java:109)
at java.base/jdk.internal.reflect.NativeMethodAccessorImpl.invoke0(Native Method)
at java.base/jdk.internal.reflect.NativeMethodAccessorImpl.invoke(NativeMethodAccessorImpl.java:77)
at java.base/jdk.internal.reflect.DelegatingMethodAccessorImpl.invoke(DelegatingMethodAccessorImpl.java:43)
at java.base/java.lang.reflect.Method.invoke(Method.java:568)
at org.testng.internal.invokers.MethodInvocationHelper.invokeMethod(MethodInvocationHelper.java:135)
at org.testng.internal.invokers.TestInvoker.invokeMethod(TestInvoker.java:673)
at org.testng.internal.invokers.TestInvoker.invokeTestMethod(TestInvoker.java:220)
at org.testng.internal.invokers.MethodRunner.runInSequence(MethodRunner.java:50)
at org.testng.internal.invokers.TestInvoker$MethodInvocationAgent.invoke(TestInvoker.java:945)
at org.testng.internal.invokers.TestInvoker.invokeTestMethods(TestInvoker.java:193)
at org.testng.internal.invokers.TestMethodWorker.invokeTestMethods(TestMethodWorker.java:146)
at org.testng.internal.invokers.TestMethodWorker.run(TestMethodWorker.java:128)
at java.base/java.util.ArrayList.forEach(ArrayList.java:1511)
at org.testng.TestRunner.privateRun(TestRunner.java:808)
at org.testng.TestRunner.run(TestRunner.java:603)
at org.testng.SuiteRunner.runTest(SuiteRunner.java:429)
at org.testng.SuiteRunner.runSequentially(SuiteRunner.java:423)
at org.testng.SuiteRunner.privateRun(SuiteRunner.java:383)
at org.testng.SuiteRunner.run(SuiteRunner.java:326)
at org.testng.SuiteRunnerWorker.runSuite(SuiteRunnerWorker.java:52)
at org.testng.SuiteRunnerWorker.run(SuiteRunnerWorker.java:95)
at org.testng.TestNG.runSuitesSequentially(TestNG.java:1249)
at org.testng.TestNG.runSuitesLocally(TestNG.java:1169)
at org.testng.TestNG.runSuites(TestNG.java:1092)
at org.testng.TestNG.run(TestNG.java:1060)
at org.testng.remote.AbstractRemoteTestNG.run(AbstractRemoteTestNG.java:115)
at org.testng.remote.RemoteTestNG.initAndRun(RemoteTestNG.java:251)
at org.testng.remote.RemoteTestNG.main(RemoteTestNG.java:77)
]]>
            </full-stacktrace>
          </exception> <!-- org.openqa.selenium.NoSuchElementException -->
          <reporter-output>
          </reporter-output>
        </test-method> <!-- validateDeleteStore -->
        <test-method is-config="true" signature="afterMethod()[pri:0, instance:com.POS.Testcases.VerifyStoreManageTest@17f62e33]" started-at="2023-03-16T22:20:55 GST" name="afterMethod" finished-at="2023-03-16T22:20:58 GST" duration-ms="2183" status="PASS">
          <reporter-output>
          </reporter-output>
        </test-method> <!-- afterMethod -->
      </class> <!-- com.POS.Testcases.VerifyStoreManageTest -->
      <class name="com.POS.Testcases.VerifyProductPageTest">
        <test-method is-config="true" signature="beforeMethods(java.lang.String)[pri:0, instance:com.POS.Testcases.VerifyProductPageTest@25ce9dc4]" started-at="2023-03-16T22:05:32 GST" name="beforeMethods" finished-at="2023-03-16T22:05:48 GST" duration-ms="16200" status="PASS">
          <params>
            <param index="0">
              <value>
                <![CDATA[Edge]]>
              </value>
            </param>
          </params>
          <reporter-output>
          </reporter-output>
        </test-method> <!-- beforeMethods -->
        <test-method signature="validateShowPdtTblCount()[pri:1, instance:com.POS.Testcases.VerifyProductPageTest@25ce9dc4]" started-at="2023-03-16T22:05:48 GST" name="validateShowPdtTblCount" finished-at="2023-03-16T22:05:56 GST" duration-ms="8247" status="PASS">
          <reporter-output>
          </reporter-output>
        </test-method> <!-- validateShowPdtTblCount -->
        <test-method is-config="true" signature="afterMethod()[pri:0, instance:com.POS.Testcases.VerifyProductPageTest@25ce9dc4]" started-at="2023-03-16T22:05:56 GST" name="afterMethod" finished-at="2023-03-16T22:05:59 GST" duration-ms="2713" status="PASS">
          <reporter-output>
          </reporter-output>
        </test-method> <!-- afterMethod -->
        <test-method is-config="true" signature="beforeMethods(java.lang.String)[pri:0, instance:com.POS.Testcases.VerifyProductPageTest@25ce9dc4]" started-at="2023-03-16T22:05:59 GST" name="beforeMethods" finished-at="2023-03-16T22:06:12 GST" duration-ms="12819" status="PASS">
          <params>
            <param index="0">
              <value>
                <![CDATA[Edge]]>
              </value>
            </param>
          </params>
          <reporter-output>
          </reporter-output>
        </test-method> <!-- beforeMethods -->
        <test-method signature="validateFilterBySupplier()[pri:2, instance:com.POS.Testcases.VerifyProductPageTest@25ce9dc4]" started-at="2023-03-16T22:06:12 GST" name="validateFilterBySupplier" finished-at="2023-03-16T22:06:20 GST" duration-ms="8026" status="PASS">
          <reporter-output>
          </reporter-output>
        </test-method> <!-- validateFilterBySupplier -->
        <test-method is-config="true" signature="afterMethod()[pri:0, instance:com.POS.Testcases.VerifyProductPageTest@25ce9dc4]" started-at="2023-03-16T22:06:20 GST" name="afterMethod" finished-at="2023-03-16T22:06:21 GST" duration-ms="691" status="PASS">
          <reporter-output>
          </reporter-output>
        </test-method> <!-- afterMethod -->
        <test-method is-config="true" signature="beforeMethods(java.lang.String)[pri:0, instance:com.POS.Testcases.VerifyProductPageTest@25ce9dc4]" started-at="2023-03-16T22:06:21 GST" name="beforeMethods" finished-at="2023-03-16T22:06:29 GST" duration-ms="8589" status="PASS">
          <params>
            <param index="0">
              <value>
                <![CDATA[Edge]]>
              </value>
            </param>
          </params>
          <reporter-output>
          </reporter-output>
        </test-method> <!-- beforeMethods -->
        <test-method signature="validateFilterByPdtType()[pri:3, instance:com.POS.Testcases.VerifyProductPageTest@25ce9dc4]" started-at="2023-03-16T22:06:29 GST" name="validateFilterByPdtType" finished-at="2023-03-16T22:06:39 GST" duration-ms="9440" status="PASS">
          <reporter-output>
          </reporter-output>
        </test-method> <!-- validateFilterByPdtType -->
        <test-method is-config="true" signature="afterMethod()[pri:0, instance:com.POS.Testcases.VerifyProductPageTest@25ce9dc4]" started-at="2023-03-16T22:06:39 GST" name="afterMethod" finished-at="2023-03-16T22:06:39 GST" duration-ms="451" status="PASS">
          <reporter-output>
          </reporter-output>
        </test-method> <!-- afterMethod -->
        <test-method is-config="true" signature="beforeMethods(java.lang.String)[pri:0, instance:com.POS.Testcases.VerifyProductPageTest@25ce9dc4]" started-at="2023-03-16T22:06:39 GST" name="beforeMethods" finished-at="2023-03-16T22:06:49 GST" duration-ms="9533" status="PASS">
          <params>
            <param index="0">
              <value>
                <![CDATA[Edge]]>
              </value>
            </param>
          </params>
          <reporter-output>
          </reporter-output>
        </test-method> <!-- beforeMethods -->
        <test-method signature="validateFilterBySupPdtType()[pri:4, instance:com.POS.Testcases.VerifyProductPageTest@25ce9dc4]" started-at="2023-03-16T22:06:49 GST" name="validateFilterBySupPdtType" finished-at="2023-03-16T22:07:11 GST" duration-ms="22203" status="PASS">
          <reporter-output>
          </reporter-output>
        </test-method> <!-- validateFilterBySupPdtType -->
        <test-method is-config="true" signature="afterMethod()[pri:0, instance:com.POS.Testcases.VerifyProductPageTest@25ce9dc4]" started-at="2023-03-16T22:07:11 GST" name="afterMethod" finished-at="2023-03-16T22:07:12 GST" duration-ms="716" status="PASS">
          <reporter-output>
          </reporter-output>
        </test-method> <!-- afterMethod -->
        <test-method is-config="true" signature="beforeMethods(java.lang.String)[pri:0, instance:com.POS.Testcases.VerifyProductPageTest@25ce9dc4]" started-at="2023-03-16T22:07:12 GST" name="beforeMethods" finished-at="2023-03-16T22:07:19 GST" duration-ms="7575" status="PASS">
          <params>
            <param index="0">
              <value>
                <![CDATA[Edge]]>
              </value>
            </param>
          </params>
          <reporter-output>
          </reporter-output>
        </test-method> <!-- beforeMethods -->
        <test-method signature="validateDownloadCSV()[pri:5, instance:com.POS.Testcases.VerifyProductPageTest@25ce9dc4]" started-at="2023-03-16T22:07:19 GST" name="validateDownloadCSV" finished-at="2023-03-16T22:08:11 GST" duration-ms="51765" status="FAIL">
          <exception class="org.openqa.selenium.NoSuchElementException">
            <message>
              <![CDATA[no such element: Unable to locate element: {"method":"css selector","selector":"table[id='Table']"}
  (Session info: MicrosoftEdge=111.0.1661.43)
For documentation on this error, please visit: https://selenium.dev/exceptions/#no_such_element
Build info: version: '4.7.2', revision: '4d4020c3b7'
System info: os.name: 'Windows 10', os.arch: 'amd64', os.version: '10.0', java.version: '17.0.6'
Driver info: org.openqa.selenium.edge.EdgeDriver
Command: [9e03ec909d986c8b36870a32a96938ba, findElement {using=css selector, value=table[id='Table']}]
Capabilities {acceptInsecureCerts: false, browserName: msedge, browserVersion: 111.0.1661.43, ms:edgeOptions: {debuggerAddress: localhost:60192}, msedge: {msedgedriverVersion: 111.0.1661.41 (57be51b50d1b..., userDataDir: C:\Users\Thomas\AppData\Loc...}, networkConnectionEnabled: false, pageLoadStrategy: normal, platformName: WINDOWS, proxy: Proxy(), se:cdp: ws://localhost:60192/devtoo..., se:cdpVersion: 111.0.1661.43, setWindowRect: true, strictFileInteractability: false, timeouts: {implicit: 0, pageLoad: 300000, script: 30000}, unhandledPromptBehavior: dismiss and notify, webauthn:extension:credBlob: true, webauthn:extension:largeBlob: true, webauthn:extension:minPinLength: true, webauthn:extension:prf: true, webauthn:virtualAuthenticators: true}
Session ID: 9e03ec909d986c8b36870a32a96938ba]]>
            </message>
            <full-stacktrace>
              <![CDATA[org.openqa.selenium.NoSuchElementException: no such element: Unable to locate element: {"method":"css selector","selector":"table[id='Table']"}
  (Session info: MicrosoftEdge=111.0.1661.43)
For documentation on this error, please visit: https://selenium.dev/exceptions/#no_such_element
Build info: version: '4.7.2', revision: '4d4020c3b7'
System info: os.name: 'Windows 10', os.arch: 'amd64', os.version: '10.0', java.version: '17.0.6'
Driver info: org.openqa.selenium.edge.EdgeDriver
Command: [9e03ec909d986c8b36870a32a96938ba, findElement {using=css selector, value=table[id='Table']}]
Capabilities {acceptInsecureCerts: false, browserName: msedge, browserVersion: 111.0.1661.43, ms:edgeOptions: {debuggerAddress: localhost:60192}, msedge: {msedgedriverVersion: 111.0.1661.41 (57be51b50d1b..., userDataDir: C:\Users\Thomas\AppData\Loc...}, networkConnectionEnabled: false, pageLoadStrategy: normal, platformName: WINDOWS, proxy: Proxy(), se:cdp: ws://localhost:60192/devtoo..., se:cdpVersion: 111.0.1661.43, setWindowRect: true, strictFileInteractability: false, timeouts: {implicit: 0, pageLoad: 300000, script: 30000}, unhandledPromptBehavior: dismiss and notify, webauthn:extension:credBlob: true, webauthn:extension:largeBlob: true, webauthn:extension:minPinLength: true, webauthn:extension:prf: true, webauthn:virtualAuthenticators: true}
Session ID: 9e03ec909d986c8b36870a32a96938ba
at java.base/jdk.internal.reflect.NativeConstructorAccessorImpl.newInstance0(Native Method)
at java.base/jdk.internal.reflect.NativeConstructorAccessorImpl.newInstance(NativeConstructorAccessorImpl.java:77)
at java.base/jdk.internal.reflect.DelegatingConstructorAccessorImpl.newInstance(DelegatingConstructorAccessorImpl.java:45)
at java.base/java.lang.reflect.Constructor.newInstanceWithCaller(Constructor.java:499)
at java.base/java.lang.reflect.Constructor.newInstance(Constructor.java:480)
at org.openqa.selenium.remote.codec.w3c.W3CHttpResponseCodec.createException(W3CHttpResponseCodec.java:200)
at org.openqa.selenium.remote.codec.w3c.W3CHttpResponseCodec.decode(W3CHttpResponseCodec.java:133)
at org.openqa.selenium.remote.codec.w3c.W3CHttpResponseCodec.decode(W3CHttpResponseCodec.java:53)
at org.openqa.selenium.remote.HttpCommandExecutor.execute(HttpCommandExecutor.java:184)
at org.openqa.selenium.remote.service.DriverCommandExecutor.invokeExecute(DriverCommandExecutor.java:167)
at org.openqa.selenium.remote.service.DriverCommandExecutor.execute(DriverCommandExecutor.java:142)
at org.openqa.selenium.remote.RemoteWebDriver.execute(RemoteWebDriver.java:535)
at org.openqa.selenium.remote.ElementLocation$ElementFinder$2.findElement(ElementLocation.java:162)
at org.openqa.selenium.remote.ElementLocation.findElement(ElementLocation.java:60)
at org.openqa.selenium.remote.RemoteWebDriver.findElement(RemoteWebDriver.java:351)
at org.openqa.selenium.remote.RemoteWebDriver.findElement(RemoteWebDriver.java:343)
at org.openqa.selenium.support.pagefactory.DefaultElementLocator.findElement(DefaultElementLocator.java:70)
at org.openqa.selenium.support.pagefactory.internal.LocatingElementHandler.invoke(LocatingElementHandler.java:39)
at jdk.proxy2/jdk.proxy2.$Proxy22.isDisplayed(Unknown Source)
at com.POS.Testcases.VerifyProductPageTest.validateDownloadCSV(VerifyProductPageTest.java:85)
at java.base/jdk.internal.reflect.NativeMethodAccessorImpl.invoke0(Native Method)
at java.base/jdk.internal.reflect.NativeMethodAccessorImpl.invoke(NativeMethodAccessorImpl.java:77)
at java.base/jdk.internal.reflect.DelegatingMethodAccessorImpl.invoke(DelegatingMethodAccessorImpl.java:43)
at java.base/java.lang.reflect.Method.invoke(Method.java:568)
at org.testng.internal.invokers.MethodInvocationHelper.invokeMethod(MethodInvocationHelper.java:135)
at org.testng.internal.invokers.TestInvoker.invokeMethod(TestInvoker.java:673)
at org.testng.internal.invokers.TestInvoker.invokeTestMethod(TestInvoker.java:220)
at org.testng.internal.invokers.MethodRunner.runInSequence(MethodRunner.java:50)
at org.testng.internal.invokers.TestInvoker$MethodInvocationAgent.invoke(TestInvoker.java:945)
at org.testng.internal.invokers.TestInvoker.invokeTestMethods(TestInvoker.java:193)
at org.testng.internal.invokers.TestMethodWorker.invokeTestMethods(TestMethodWorker.java:146)
at org.testng.internal.invokers.TestMethodWorker.run(TestMethodWorker.java:128)
at java.base/java.util.ArrayList.forEach(ArrayList.java:1511)
at org.testng.TestRunner.privateRun(TestRunner.java:808)
at org.testng.TestRunner.run(TestRunner.java:603)
at org.testng.SuiteRunner.runTest(SuiteRunner.java:429)
at org.testng.SuiteRunner.runSequentially(SuiteRunner.java:423)
at org.testng.SuiteRunner.privateRun(SuiteRunner.java:383)
at org.testng.SuiteRunner.run(SuiteRunner.java:326)
at org.testng.SuiteRunnerWorker.runSuite(SuiteRunnerWorker.java:52)
at org.testng.SuiteRunnerWorker.run(SuiteRunnerWorker.java:95)
at org.testng.TestNG.runSuitesSequentially(TestNG.java:1249)
at org.testng.TestNG.runSuitesLocally(TestNG.java:1169)
at org.testng.TestNG.runSuites(TestNG.java:1092)
at org.testng.TestNG.run(TestNG.java:1060)
at org.testng.remote.AbstractRemoteTestNG.run(AbstractRemoteTestNG.java:115)
at org.testng.remote.RemoteTestNG.initAndRun(RemoteTestNG.java:251)
at org.testng.remote.RemoteTestNG.main(RemoteTestNG.java:77)
]]>
            </full-stacktrace>
          </exception> <!-- org.openqa.selenium.NoSuchElementException -->
          <reporter-output>
          </reporter-output>
        </test-method> <!-- validateDownloadCSV -->
        <test-method is-config="true" signature="afterMethod()[pri:0, instance:com.POS.Testcases.VerifyProductPageTest@25ce9dc4]" started-at="2023-03-16T22:08:12 GST" name="afterMethod" finished-at="2023-03-16T22:08:12 GST" duration-ms="687" status="PASS">
          <reporter-output>
          </reporter-output>
        </test-method> <!-- afterMethod -->
        <test-method is-config="true" signature="beforeMethods(java.lang.String)[pri:0, instance:com.POS.Testcases.VerifyProductPageTest@25ce9dc4]" started-at="2023-03-16T22:08:12 GST" name="beforeMethods" finished-at="2023-03-16T22:08:21 GST" duration-ms="8857" status="PASS">
          <params>
            <param index="0">
              <value>
                <![CDATA[Edge]]>
              </value>
            </param>
          </params>
          <reporter-output>
          </reporter-output>
        </test-method> <!-- beforeMethods -->
        <test-method signature="validateUploadCSV()[pri:6, instance:com.POS.Testcases.VerifyProductPageTest@25ce9dc4]" started-at="2023-03-16T22:08:21 GST" name="validateUploadCSV" finished-at="2023-03-16T22:08:32 GST" duration-ms="10511" status="PASS">
          <reporter-output>
          </reporter-output>
        </test-method> <!-- validateUploadCSV -->
        <test-method is-config="true" signature="afterMethod()[pri:0, instance:com.POS.Testcases.VerifyProductPageTest@25ce9dc4]" started-at="2023-03-16T22:08:32 GST" name="afterMethod" finished-at="2023-03-16T22:08:32 GST" duration-ms="404" status="PASS">
          <reporter-output>
          </reporter-output>
        </test-method> <!-- afterMethod -->
        <test-method is-config="true" signature="beforeMethods(java.lang.String)[pri:0, instance:com.POS.Testcases.VerifyProductPageTest@25ce9dc4]" started-at="2023-03-16T22:08:32 GST" name="beforeMethods" finished-at="2023-03-16T22:08:39 GST" duration-ms="6891" status="PASS">
          <params>
            <param index="0">
              <value>
                <![CDATA[Edge]]>
              </value>
            </param>
          </params>
          <reporter-output>
          </reporter-output>
        </test-method> <!-- beforeMethods -->
        <test-method signature="validatePrintMenu()[pri:7, instance:com.POS.Testcases.VerifyProductPageTest@25ce9dc4]" started-at="2023-03-16T22:08:39 GST" name="validatePrintMenu" finished-at="2023-03-16T22:09:40 GST" duration-ms="61113" status="PASS">
          <reporter-output>
          </reporter-output>
        </test-method> <!-- validatePrintMenu -->
        <test-method is-config="true" signature="afterMethod()[pri:0, instance:com.POS.Testcases.VerifyProductPageTest@25ce9dc4]" started-at="2023-03-16T22:09:40 GST" name="afterMethod" finished-at="2023-03-16T22:09:41 GST" duration-ms="452" status="PASS">
          <reporter-output>
          </reporter-output>
        </test-method> <!-- afterMethod -->
        <test-method is-config="true" signature="beforeMethods(java.lang.String)[pri:0, instance:com.POS.Testcases.VerifyProductPageTest@25ce9dc4]" started-at="2023-03-16T22:09:41 GST" name="beforeMethods" finished-at="2023-03-16T22:09:48 GST" duration-ms="7671" status="PASS">
          <params>
            <param index="0">
              <value>
                <![CDATA[Edge]]>
              </value>
            </param>
          </params>
          <reporter-output>
          </reporter-output>
        </test-method> <!-- beforeMethods -->
        <test-method signature="validateAddProduct()[pri:8, instance:com.POS.Testcases.VerifyProductPageTest@25ce9dc4]" started-at="2023-03-16T22:09:48 GST" name="validateAddProduct" finished-at="2023-03-16T22:13:55 GST" duration-ms="247212" status="FAIL">
          <exception class="org.openqa.selenium.NoSuchElementException">
            <message>
              <![CDATA[no such element: Unable to locate element: {"method":"css selector","selector":"table[id='Table']"}
  (Session info: MicrosoftEdge=111.0.1661.43)
For documentation on this error, please visit: https://selenium.dev/exceptions/#no_such_element
Build info: version: '4.7.2', revision: '4d4020c3b7'
System info: os.name: 'Windows 10', os.arch: 'amd64', os.version: '10.0', java.version: '17.0.6'
Driver info: org.openqa.selenium.edge.EdgeDriver
Command: [ab3ec56abca0b6308a16345cc4706cf7, findElement {using=css selector, value=table[id='Table']}]
Capabilities {acceptInsecureCerts: false, browserName: msedge, browserVersion: 111.0.1661.43, ms:edgeOptions: {debuggerAddress: localhost:60400}, msedge: {msedgedriverVersion: 111.0.1661.41 (57be51b50d1b..., userDataDir: C:\Users\Thomas\AppData\Loc...}, networkConnectionEnabled: false, pageLoadStrategy: normal, platformName: WINDOWS, proxy: Proxy(), se:cdp: ws://localhost:60400/devtoo..., se:cdpVersion: 111.0.1661.43, setWindowRect: true, strictFileInteractability: false, timeouts: {implicit: 0, pageLoad: 300000, script: 30000}, unhandledPromptBehavior: dismiss and notify, webauthn:extension:credBlob: true, webauthn:extension:largeBlob: true, webauthn:extension:minPinLength: true, webauthn:extension:prf: true, webauthn:virtualAuthenticators: true}
Session ID: ab3ec56abca0b6308a16345cc4706cf7]]>
            </message>
            <full-stacktrace>
              <![CDATA[org.openqa.selenium.NoSuchElementException: no such element: Unable to locate element: {"method":"css selector","selector":"table[id='Table']"}
  (Session info: MicrosoftEdge=111.0.1661.43)
For documentation on this error, please visit: https://selenium.dev/exceptions/#no_such_element
Build info: version: '4.7.2', revision: '4d4020c3b7'
System info: os.name: 'Windows 10', os.arch: 'amd64', os.version: '10.0', java.version: '17.0.6'
Driver info: org.openqa.selenium.edge.EdgeDriver
Command: [ab3ec56abca0b6308a16345cc4706cf7, findElement {using=css selector, value=table[id='Table']}]
Capabilities {acceptInsecureCerts: false, browserName: msedge, browserVersion: 111.0.1661.43, ms:edgeOptions: {debuggerAddress: localhost:60400}, msedge: {msedgedriverVersion: 111.0.1661.41 (57be51b50d1b..., userDataDir: C:\Users\Thomas\AppData\Loc...}, networkConnectionEnabled: false, pageLoadStrategy: normal, platformName: WINDOWS, proxy: Proxy(), se:cdp: ws://localhost:60400/devtoo..., se:cdpVersion: 111.0.1661.43, setWindowRect: true, strictFileInteractability: false, timeouts: {implicit: 0, pageLoad: 300000, script: 30000}, unhandledPromptBehavior: dismiss and notify, webauthn:extension:credBlob: true, webauthn:extension:largeBlob: true, webauthn:extension:minPinLength: true, webauthn:extension:prf: true, webauthn:virtualAuthenticators: true}
Session ID: ab3ec56abca0b6308a16345cc4706cf7
at jdk.internal.reflect.GeneratedConstructorAccessor40.newInstance(Unknown Source)
at java.base/jdk.internal.reflect.DelegatingConstructorAccessorImpl.newInstance(DelegatingConstructorAccessorImpl.java:45)
at java.base/java.lang.reflect.Constructor.newInstanceWithCaller(Constructor.java:499)
at java.base/java.lang.reflect.Constructor.newInstance(Constructor.java:480)
at org.openqa.selenium.remote.codec.w3c.W3CHttpResponseCodec.createException(W3CHttpResponseCodec.java:200)
at org.openqa.selenium.remote.codec.w3c.W3CHttpResponseCodec.decode(W3CHttpResponseCodec.java:133)
at org.openqa.selenium.remote.codec.w3c.W3CHttpResponseCodec.decode(W3CHttpResponseCodec.java:53)
at org.openqa.selenium.remote.HttpCommandExecutor.execute(HttpCommandExecutor.java:184)
at org.openqa.selenium.remote.service.DriverCommandExecutor.invokeExecute(DriverCommandExecutor.java:167)
at org.openqa.selenium.remote.service.DriverCommandExecutor.execute(DriverCommandExecutor.java:142)
at org.openqa.selenium.remote.RemoteWebDriver.execute(RemoteWebDriver.java:535)
at org.openqa.selenium.remote.ElementLocation$ElementFinder$2.findElement(ElementLocation.java:162)
at org.openqa.selenium.remote.ElementLocation.findElement(ElementLocation.java:60)
at org.openqa.selenium.remote.RemoteWebDriver.findElement(RemoteWebDriver.java:351)
at org.openqa.selenium.remote.RemoteWebDriver.findElement(RemoteWebDriver.java:343)
at org.openqa.selenium.support.pagefactory.DefaultElementLocator.findElement(DefaultElementLocator.java:70)
at org.openqa.selenium.support.pagefactory.internal.LocatingElementHandler.invoke(LocatingElementHandler.java:39)
at jdk.proxy2/jdk.proxy2.$Proxy22.findElements(Unknown Source)
at com.POS.Actions.Action.getRowCount(Action.java:580)
at com.POS.Testcases.VerifyProductPageTest.validateAddProduct(VerifyProductPageTest.java:145)
at java.base/jdk.internal.reflect.NativeMethodAccessorImpl.invoke0(Native Method)
at java.base/jdk.internal.reflect.NativeMethodAccessorImpl.invoke(NativeMethodAccessorImpl.java:77)
at java.base/jdk.internal.reflect.DelegatingMethodAccessorImpl.invoke(DelegatingMethodAccessorImpl.java:43)
at java.base/java.lang.reflect.Method.invoke(Method.java:568)
at org.testng.internal.invokers.MethodInvocationHelper.invokeMethod(MethodInvocationHelper.java:135)
at org.testng.internal.invokers.TestInvoker.invokeMethod(TestInvoker.java:673)
at org.testng.internal.invokers.TestInvoker.invokeTestMethod(TestInvoker.java:220)
at org.testng.internal.invokers.MethodRunner.runInSequence(MethodRunner.java:50)
at org.testng.internal.invokers.TestInvoker$MethodInvocationAgent.invoke(TestInvoker.java:945)
at org.testng.internal.invokers.TestInvoker.invokeTestMethods(TestInvoker.java:193)
at org.testng.internal.invokers.TestMethodWorker.invokeTestMethods(TestMethodWorker.java:146)
at org.testng.internal.invokers.TestMethodWorker.run(TestMethodWorker.java:128)
at java.base/java.util.ArrayList.forEach(ArrayList.java:1511)
at org.testng.TestRunner.privateRun(TestRunner.java:808)
at org.testng.TestRunner.run(TestRunner.java:603)
at org.testng.SuiteRunner.runTest(SuiteRunner.java:429)
at org.testng.SuiteRunner.runSequentially(SuiteRunner.java:423)
at org.testng.SuiteRunner.privateRun(SuiteRunner.java:383)
at org.testng.SuiteRunner.run(SuiteRunner.java:326)
at org.testng.SuiteRunnerWorker.runSuite(SuiteRunnerWorker.java:52)
at org.testng.SuiteRunnerWorker.run(SuiteRunnerWorker.java:95)
at org.testng.TestNG.runSuitesSequentially(TestNG.java:1249)
at org.testng.TestNG.runSuitesLocally(TestNG.java:1169)
at org.testng.TestNG.runSuites(TestNG.java:1092)
at org.testng.TestNG.run(TestNG.java:1060)
at org.testng.remote.AbstractRemoteTestNG.run(AbstractRemoteTestNG.java:115)
at org.testng.remote.RemoteTestNG.initAndRun(RemoteTestNG.java:251)
at org.testng.remote.RemoteTestNG.main(RemoteTestNG.java:77)
]]>
            </full-stacktrace>
          </exception> <!-- org.openqa.selenium.NoSuchElementException -->
          <reporter-output>
          </reporter-output>
        </test-method> <!-- validateAddProduct -->
        <test-method is-config="true" signature="afterMethod()[pri:0, instance:com.POS.Testcases.VerifyProductPageTest@25ce9dc4]" started-at="2023-03-16T22:13:56 GST" name="afterMethod" finished-at="2023-03-16T22:13:59 GST" duration-ms="2833" status="PASS">
          <reporter-output>
          </reporter-output>
        </test-method> <!-- afterMethod -->
        <test-method is-config="true" signature="beforeMethods(java.lang.String)[pri:0, instance:com.POS.Testcases.VerifyProductPageTest@25ce9dc4]" started-at="2023-03-16T22:13:59 GST" name="beforeMethods" finished-at="2023-03-16T22:14:07 GST" duration-ms="8360" status="PASS">
          <params>
            <param index="0">
              <value>
                <![CDATA[Edge]]>
              </value>
            </param>
          </params>
          <reporter-output>
          </reporter-output>
        </test-method> <!-- beforeMethods -->
        <test-method signature="validateSearchPdt()[pri:9, instance:com.POS.Testcases.VerifyProductPageTest@25ce9dc4]" started-at="2023-03-16T22:14:07 GST" name="validateSearchPdt" finished-at="2023-03-16T22:14:14 GST" duration-ms="6489" status="PASS">
          <reporter-output>
          </reporter-output>
        </test-method> <!-- validateSearchPdt -->
        <test-method is-config="true" signature="afterMethod()[pri:0, instance:com.POS.Testcases.VerifyProductPageTest@25ce9dc4]" started-at="2023-03-16T22:14:14 GST" name="afterMethod" finished-at="2023-03-16T22:14:14 GST" duration-ms="602" status="PASS">
          <reporter-output>
          </reporter-output>
        </test-method> <!-- afterMethod -->
      </class> <!-- com.POS.Testcases.VerifyProductPageTest -->
      <class name="com.POS.Testcases.VerifyUserLoginTest">
        <test-method is-config="true" signature="loadFiles()[pri:0, instance:com.POS.Testcases.VerifyUserLoginTest@78e4deb0]" started-at="2023-03-16T22:02:08 GST" name="loadFiles" finished-at="2023-03-16T22:02:09 GST" duration-ms="334" status="PASS">
          <reporter-output>
          </reporter-output>
        </test-method> <!-- loadFiles -->
        <test-method is-config="true" signature="loadConfig()[pri:0, instance:com.POS.Testcases.VerifyUserLoginTest@78e4deb0]" started-at="2023-03-16T22:02:09 GST" name="loadConfig" finished-at="2023-03-16T22:02:09 GST" duration-ms="1" status="PASS">
          <reporter-output>
          </reporter-output>
        </test-method> <!-- loadConfig -->
        <test-method is-config="true" signature="beforeMethods(java.lang.String)[pri:0, instance:com.POS.Testcases.VerifyUserLoginTest@78e4deb0]" started-at="2023-03-16T22:02:09 GST" name="beforeMethods" finished-at="2023-03-16T22:02:43 GST" duration-ms="34034" status="PASS">
          <params>
            <param index="0">
              <value>
                <![CDATA[Edge]]>
              </value>
            </param>
          </params>
          <reporter-output>
          </reporter-output>
        </test-method> <!-- beforeMethods -->
        <test-method signature="validateLogin()[pri:1, instance:com.POS.Testcases.VerifyUserLoginTest@78e4deb0]" started-at="2023-03-16T22:02:43 GST" name="validateLogin" finished-at="2023-03-16T22:03:17 GST" duration-ms="34061" status="PASS">
          <reporter-output>
          </reporter-output>
        </test-method> <!-- validateLogin -->
        <test-method is-config="true" signature="afterMethod()[pri:0, instance:com.POS.Testcases.VerifyUserLoginTest@78e4deb0]" started-at="2023-03-16T22:03:17 GST" name="afterMethod" finished-at="2023-03-16T22:03:19 GST" duration-ms="2486" status="PASS">
          <reporter-output>
          </reporter-output>
        </test-method> <!-- afterMethod -->
        <test-method is-config="true" signature="beforeMethods(java.lang.String)[pri:0, instance:com.POS.Testcases.VerifyUserLoginTest@78e4deb0]" started-at="2023-03-16T22:03:19 GST" name="beforeMethods" finished-at="2023-03-16T22:03:39 GST" duration-ms="19946" status="PASS">
          <params>
            <param index="0">
              <value>
                <![CDATA[Edge]]>
              </value>
            </param>
          </params>
          <reporter-output>
          </reporter-output>
        </test-method> <!-- beforeMethods -->
        <test-method signature="validateAllLogin(java.lang.String,java.lang.String)[pri:2, instance:com.POS.Testcases.VerifyUserLoginTest@78e4deb0]" started-at="2023-03-16T22:03:39 GST" name="validateAllLogin" data-provider="getLoginUsers" finished-at="2023-03-16T22:03:49 GST" duration-ms="9241" status="PASS">
          <params>
            <param index="0">
              <value>
                <![CDATA[InvalidUn]]>
              </value>
            </param>
            <param index="1">
              <value>
                <![CDATA[InvalidPw]]>
              </value>
            </param>
          </params>
          <reporter-output>
          </reporter-output>
        </test-method> <!-- validateAllLogin -->
        <test-method is-config="true" signature="afterMethod()[pri:0, instance:com.POS.Testcases.VerifyUserLoginTest@78e4deb0]" started-at="2023-03-16T22:03:49 GST" name="afterMethod" finished-at="2023-03-16T22:03:49 GST" duration-ms="626" status="PASS">
          <reporter-output>
          </reporter-output>
        </test-method> <!-- afterMethod -->
        <test-method is-config="true" signature="beforeMethods(java.lang.String)[pri:0, instance:com.POS.Testcases.VerifyUserLoginTest@78e4deb0]" started-at="2023-03-16T22:03:49 GST" name="beforeMethods" finished-at="2023-03-16T22:04:02 GST" duration-ms="12844" status="PASS">
          <params>
            <param index="0">
              <value>
                <![CDATA[Edge]]>
              </value>
            </param>
          </params>
          <reporter-output>
          </reporter-output>
        </test-method> <!-- beforeMethods -->
        <test-method signature="validateAllLogin(java.lang.String,java.lang.String)[pri:2, instance:com.POS.Testcases.VerifyUserLoginTest@78e4deb0]" started-at="2023-03-16T22:04:02 GST" name="validateAllLogin" data-provider="getLoginUsers" finished-at="2023-03-16T22:04:03 GST" duration-ms="1217" status="PASS">
          <params>
            <param index="0">
              <value>
                <![CDATA[Admin]]>
              </value>
            </param>
            <param index="1">
              <value>
                <![CDATA[InvalidPw]]>
              </value>
            </param>
          </params>
          <reporter-output>
          </reporter-output>
        </test-method> <!-- validateAllLogin -->
        <test-method is-config="true" signature="afterMethod()[pri:0, instance:com.POS.Testcases.VerifyUserLoginTest@78e4deb0]" started-at="2023-03-16T22:04:03 GST" name="afterMethod" finished-at="2023-03-16T22:04:04 GST" duration-ms="381" status="PASS">
          <reporter-output>
          </reporter-output>
        </test-method> <!-- afterMethod -->
        <test-method is-config="true" signature="beforeMethods(java.lang.String)[pri:0, instance:com.POS.Testcases.VerifyUserLoginTest@78e4deb0]" started-at="2023-03-16T22:04:04 GST" name="beforeMethods" finished-at="2023-03-16T22:04:14 GST" duration-ms="10329" status="PASS">
          <params>
            <param index="0">
              <value>
                <![CDATA[Edge]]>
              </value>
            </param>
          </params>
          <reporter-output>
          </reporter-output>
        </test-method> <!-- beforeMethods -->
        <test-method signature="validateAllLogin(java.lang.String,java.lang.String)[pri:2, instance:com.POS.Testcases.VerifyUserLoginTest@78e4deb0]" started-at="2023-03-16T22:04:14 GST" name="validateAllLogin" data-provider="getLoginUsers" finished-at="2023-03-16T22:04:15 GST" duration-ms="1230" status="PASS">
          <params>
            <param index="0">
              <value>
                <![CDATA[InvalidUn]]>
              </value>
            </param>
            <param index="1">
              <value>
                <![CDATA[password]]>
              </value>
            </param>
          </params>
          <reporter-output>
          </reporter-output>
        </test-method> <!-- validateAllLogin -->
        <test-method is-config="true" signature="afterMethod()[pri:0, instance:com.POS.Testcases.VerifyUserLoginTest@78e4deb0]" started-at="2023-03-16T22:04:15 GST" name="afterMethod" finished-at="2023-03-16T22:04:16 GST" duration-ms="321" status="PASS">
          <reporter-output>
          </reporter-output>
        </test-method> <!-- afterMethod -->
        <test-method is-config="true" signature="tearDown()[pri:0, instance:com.POS.Testcases.VerifyUserLoginTest@78e4deb0]" started-at="2023-03-16T22:26:12 GST" name="tearDown" finished-at="2023-03-16T22:26:13 GST" duration-ms="969" status="PASS">
          <reporter-output>
          </reporter-output>
        </test-method> <!-- tearDown -->
      </class> <!-- com.POS.Testcases.VerifyUserLoginTest -->
      <class name="com.POS.Testcases.VerifySettingsTest">
        <test-method is-config="true" signature="beforeMethods(java.lang.String)[pri:0, instance:com.POS.Testcases.VerifySettingsTest@2af004b]" started-at="2023-03-16T22:25:21 GST" name="beforeMethods" finished-at="2023-03-16T22:25:29 GST" duration-ms="8282" status="PASS">
          <params>
            <param index="0">
              <value>
                <![CDATA[Edge]]>
              </value>
            </param>
          </params>
          <reporter-output>
          </reporter-output>
        </test-method> <!-- beforeMethods -->
        <test-method signature="validateAddUser()[pri:1, instance:com.POS.Testcases.VerifySettingsTest@2af004b]" started-at="2023-03-16T22:25:29 GST" name="validateAddUser" finished-at="2023-03-16T22:26:11 GST" duration-ms="41568" status="FAIL">
          <exception class="java.lang.IndexOutOfBoundsException">
            <message>
              <![CDATA[Index 0 out of bounds for length 0]]>
            </message>
            <full-stacktrace>
              <![CDATA[java.lang.IndexOutOfBoundsException: Index 0 out of bounds for length 0
at java.base/jdk.internal.util.Preconditions.outOfBounds(Preconditions.java:64)
at java.base/jdk.internal.util.Preconditions.outOfBoundsCheckIndex(Preconditions.java:70)
at java.base/jdk.internal.util.Preconditions.checkIndex(Preconditions.java:266)
at java.base/java.util.Objects.checkIndex(Objects.java:359)
at java.base/java.util.ArrayList.get(ArrayList.java:427)
at com.POS.Testcases.VerifySettingsTest.validateAddUser(VerifySettingsTest.java:20)
at java.base/jdk.internal.reflect.NativeMethodAccessorImpl.invoke0(Native Method)
at java.base/jdk.internal.reflect.NativeMethodAccessorImpl.invoke(NativeMethodAccessorImpl.java:77)
at java.base/jdk.internal.reflect.DelegatingMethodAccessorImpl.invoke(DelegatingMethodAccessorImpl.java:43)
at java.base/java.lang.reflect.Method.invoke(Method.java:568)
at org.testng.internal.invokers.MethodInvocationHelper.invokeMethod(MethodInvocationHelper.java:135)
at org.testng.internal.invokers.TestInvoker.invokeMethod(TestInvoker.java:673)
at org.testng.internal.invokers.TestInvoker.invokeTestMethod(TestInvoker.java:220)
at org.testng.internal.invokers.MethodRunner.runInSequence(MethodRunner.java:50)
at org.testng.internal.invokers.TestInvoker$MethodInvocationAgent.invoke(TestInvoker.java:945)
at org.testng.internal.invokers.TestInvoker.invokeTestMethods(TestInvoker.java:193)
at org.testng.internal.invokers.TestMethodWorker.invokeTestMethods(TestMethodWorker.java:146)
at org.testng.internal.invokers.TestMethodWorker.run(TestMethodWorker.java:128)
at java.base/java.util.ArrayList.forEach(ArrayList.java:1511)
at org.testng.TestRunner.privateRun(TestRunner.java:808)
at org.testng.TestRunner.run(TestRunner.java:603)
at org.testng.SuiteRunner.runTest(SuiteRunner.java:429)
at org.testng.SuiteRunner.runSequentially(SuiteRunner.java:423)
at org.testng.SuiteRunner.privateRun(SuiteRunner.java:383)
at org.testng.SuiteRunner.run(SuiteRunner.java:326)
at org.testng.SuiteRunnerWorker.runSuite(SuiteRunnerWorker.java:52)
at org.testng.SuiteRunnerWorker.run(SuiteRunnerWorker.java:95)
at org.testng.TestNG.runSuitesSequentially(TestNG.java:1249)
at org.testng.TestNG.runSuitesLocally(TestNG.java:1169)
at org.testng.TestNG.runSuites(TestNG.java:1092)
at org.testng.TestNG.run(TestNG.java:1060)
at org.testng.remote.AbstractRemoteTestNG.run(AbstractRemoteTestNG.java:115)
at org.testng.remote.RemoteTestNG.initAndRun(RemoteTestNG.java:251)
at org.testng.remote.RemoteTestNG.main(RemoteTestNG.java:77)
]]>
            </full-stacktrace>
          </exception> <!-- java.lang.IndexOutOfBoundsException -->
          <reporter-output>
          </reporter-output>
        </test-method> <!-- validateAddUser -->
        <test-method is-config="true" signature="afterMethod()[pri:0, instance:com.POS.Testcases.VerifySettingsTest@2af004b]" started-at="2023-03-16T22:26:11 GST" name="afterMethod" finished-at="2023-03-16T22:26:11 GST" duration-ms="423" status="PASS">
          <reporter-output>
          </reporter-output>
        </test-method> <!-- afterMethod -->
      </class> <!-- com.POS.Testcases.VerifySettingsTest -->
    </test> <!-- Test -->
  </suite> <!-- RestaurantSuite -->
</testng-results>
